
AVRASM ver. 2.1.30  C:\Users\Marco Mancha\Documents\Microcontroladores\ProyectosCodeVision\ControlAcceso\ControlAcceso\Debug\List\ControlAcceso.asm Thu Jun 11 21:46:25 2020

                 
                 
                 ;CodeVisionAVR C Compiler V3.39a 
                 ;(C) Copyright 1998-2020 Pavel Haiduc, HP InfoTech s.r.l.
                 ;http://www.hpinfotech.ro
                 
                 ;Build configuration    : Debug
                 ;Chip type              : ATmega328P
                 ;Program type           : Application
                 ;Clock frequency        : 8.000000 MHz
                 ;Memory model           : Small
                 ;Optimize for           : Size
                 ;(s)printf features     : int, width
                 ;(s)scanf features      : int, width
                 ;External RAM size      : 0
                 ;Data Stack size        : 512 byte(s)
                 ;Heap size              : 0 byte(s)
                 ;Promote 'char' to 'int': Yes
                 ;'char' is unsigned     : Yes
                 ;8 bit enums            : Yes
                 ;Global 'const' stored in FLASH: No
                 ;Enhanced function parameter passing: Mode 1
                 ;Enhanced core instructions: On
                 ;Automatic register allocation for global variables: Off
                 ;Smart register allocation: Off
                 
                 	#define _MODEL_SMALL_
                 
                 	#pragma AVRPART ADMIN PART_NAME ATmega328P
                 	#pragma AVRPART MEMORY PROG_FLASH 32768
                 	#pragma AVRPART MEMORY EEPROM 1024
                 	#pragma AVRPART MEMORY INT_SRAM SIZE 2048
                 	#pragma AVRPART MEMORY INT_SRAM START_ADDR 0x100
                 
                 	#define CALL_SUPPORTED 1
                 
                 	.LISTMAC
                 	.EQU EERE=0x0
                 	.EQU EEWE=0x1
                 	.EQU EEMWE=0x2
                 	.EQU UDRE=0x5
                 	.EQU RXC=0x7
                 	.EQU EECR=0x1F
                 	.EQU EEDR=0x20
                 	.EQU EEARL=0x21
                 	.EQU EEARH=0x22
                 	.EQU SPSR=0x2D
                 	.EQU SPDR=0x2E
                 	.EQU SMCR=0x33
                 	.EQU MCUSR=0x34
                 	.EQU MCUCR=0x35
                 	.EQU WDTCSR=0x60
                 	.EQU UCSR0A=0xC0
                 	.EQU UDR0=0xC6
                 	.EQU SPL=0x3D
                 	.EQU SPH=0x3E
                 	.EQU SREG=0x3F
                 	.EQU GPIOR0=0x1E
                 
                 	.DEF R0X0=R0
                 	.DEF R0X1=R1
                 	.DEF R0X2=R2
                 	.DEF R0X3=R3
                 	.DEF R0X4=R4
                 	.DEF R0X5=R5
                 	.DEF R0X6=R6
                 	.DEF R0X7=R7
                 	.DEF R0X8=R8
                 	.DEF R0X9=R9
                 	.DEF R0XA=R10
                 	.DEF R0XB=R11
                 	.DEF R0XC=R12
                 	.DEF R0XD=R13
                 	.DEF R0XE=R14
                 	.DEF R0XF=R15
                 	.DEF R0X10=R16
                 	.DEF R0X11=R17
                 	.DEF R0X12=R18
                 	.DEF R0X13=R19
                 	.DEF R0X14=R20
                 	.DEF R0X15=R21
                 	.DEF R0X16=R22
                 	.DEF R0X17=R23
                 	.DEF R0X18=R24
                 	.DEF R0X19=R25
                 	.DEF R0X1A=R26
                 	.DEF R0X1B=R27
                 	.DEF R0X1C=R28
                 	.DEF R0X1D=R29
                 	.DEF R0X1E=R30
                 	.DEF R0X1F=R31
                 
                 	.EQU __SRAM_START=0x0100
                 	.EQU __SRAM_END=0x08FF
                 	.EQU __DSTACK_SIZE=0x0200
                 	.EQU __HEAP_SIZE=0x0000
                 	.EQU __CLEAR_SRAM_SIZE=__SRAM_END-__SRAM_START+1
                 
                 	.MACRO __CPD1N
                 	CPI  R30,LOW(@0)
                 	LDI  R26,HIGH(@0)
                 	CPC  R31,R26
                 	LDI  R26,BYTE3(@0)
                 	CPC  R22,R26
                 	LDI  R26,BYTE4(@0)
                 	CPC  R23,R26
                 	.ENDM
                 
                 	.MACRO __CPD2N
                 	CPI  R26,LOW(@0)
                 	LDI  R30,HIGH(@0)
                 	CPC  R27,R30
                 	LDI  R30,BYTE3(@0)
                 	CPC  R24,R30
                 	LDI  R30,BYTE4(@0)
                 	CPC  R25,R30
                 	.ENDM
                 
                 	.MACRO __CPWRR
                 	CP   R@0,R@2
                 	CPC  R@1,R@3
                 	.ENDM
                 
                 	.MACRO __CPWRN
                 	CPI  R@0,LOW(@2)
                 	LDI  R30,HIGH(@2)
                 	CPC  R@1,R30
                 	.ENDM
                 
                 	.MACRO __ADDB1MN
                 	SUBI R30,LOW(-@0-(@1))
                 	.ENDM
                 
                 	.MACRO __ADDB2MN
                 	SUBI R26,LOW(-@0-(@1))
                 	.ENDM
                 
                 	.MACRO __ADDW1MN
                 	SUBI R30,LOW(-@0-(@1))
                 	SBCI R31,HIGH(-@0-(@1))
                 	.ENDM
                 
                 	.MACRO __ADDW2MN
                 	SUBI R26,LOW(-@0-(@1))
                 	SBCI R27,HIGH(-@0-(@1))
                 	.ENDM
                 
                 	.MACRO __ADDW1FN
                 	SUBI R30,LOW(-2*@0-(@1))
                 	SBCI R31,HIGH(-2*@0-(@1))
                 	.ENDM
                 
                 	.MACRO __ADDD1FN
                 	SUBI R30,LOW(-2*@0-(@1))
                 	SBCI R31,HIGH(-2*@0-(@1))
                 	SBCI R22,BYTE3(-2*@0-(@1))
                 	.ENDM
                 
                 	.MACRO __ADDD1N
                 	SUBI R30,LOW(-@0)
                 	SBCI R31,HIGH(-@0)
                 	SBCI R22,BYTE3(-@0)
                 	SBCI R23,BYTE4(-@0)
                 	.ENDM
                 
                 	.MACRO __ADDD2N
                 	SUBI R26,LOW(-@0)
                 	SBCI R27,HIGH(-@0)
                 	SBCI R24,BYTE3(-@0)
                 	SBCI R25,BYTE4(-@0)
                 	.ENDM
                 
                 	.MACRO __SUBD1N
                 	SUBI R30,LOW(@0)
                 	SBCI R31,HIGH(@0)
                 	SBCI R22,BYTE3(@0)
                 	SBCI R23,BYTE4(@0)
                 	.ENDM
                 
                 	.MACRO __SUBD2N
                 	SUBI R26,LOW(@0)
                 	SBCI R27,HIGH(@0)
                 	SBCI R24,BYTE3(@0)
                 	SBCI R25,BYTE4(@0)
                 	.ENDM
                 
                 	.MACRO __ANDBMNN
                 	LDS  R30,@0+(@1)
                 	ANDI R30,LOW(@2)
                 	STS  @0+(@1),R30
                 	.ENDM
                 
                 	.MACRO __ANDWMNN
                 	LDS  R30,@0+(@1)
                 	ANDI R30,LOW(@2)
                 	STS  @0+(@1),R30
                 	LDS  R30,@0+(@1)+1
                 	ANDI R30,HIGH(@2)
                 	STS  @0+(@1)+1,R30
                 	.ENDM
                 
                 	.MACRO __ANDD1N
                 	ANDI R30,LOW(@0)
                 	ANDI R31,HIGH(@0)
                 	ANDI R22,BYTE3(@0)
                 	ANDI R23,BYTE4(@0)
                 	.ENDM
                 
                 	.MACRO __ANDD2N
                 	ANDI R26,LOW(@0)
                 	ANDI R27,HIGH(@0)
                 	ANDI R24,BYTE3(@0)
                 	ANDI R25,BYTE4(@0)
                 	.ENDM
                 
                 	.MACRO __ORBMNN
                 	LDS  R30,@0+(@1)
                 	ORI  R30,LOW(@2)
                 	STS  @0+(@1),R30
                 	.ENDM
                 
                 	.MACRO __ORWMNN
                 	LDS  R30,@0+(@1)
                 	ORI  R30,LOW(@2)
                 	STS  @0+(@1),R30
                 	LDS  R30,@0+(@1)+1
                 	ORI  R30,HIGH(@2)
                 	STS  @0+(@1)+1,R30
                 	.ENDM
                 
                 	.MACRO __ORD1N
                 	ORI  R30,LOW(@0)
                 	ORI  R31,HIGH(@0)
                 	ORI  R22,BYTE3(@0)
                 	ORI  R23,BYTE4(@0)
                 	.ENDM
                 
                 	.MACRO __ORD2N
                 	ORI  R26,LOW(@0)
                 	ORI  R27,HIGH(@0)
                 	ORI  R24,BYTE3(@0)
                 	ORI  R25,BYTE4(@0)
                 	.ENDM
                 
                 	.MACRO __DELAY_USB
                 	LDI  R24,LOW(@0)
                 __DELAY_USB_LOOP:
                 	DEC  R24
                 	BRNE __DELAY_USB_LOOP
                 	.ENDM
                 
                 	.MACRO __DELAY_USW
                 	LDI  R24,LOW(@0)
                 	LDI  R25,HIGH(@0)
                 __DELAY_USW_LOOP:
                 	SBIW R24,1
                 	BRNE __DELAY_USW_LOOP
                 	.ENDM
                 
                 	.MACRO __GETD1S
                 	LDD  R30,Y+@0
                 	LDD  R31,Y+@0+1
                 	LDD  R22,Y+@0+2
                 	LDD  R23,Y+@0+3
                 	.ENDM
                 
                 	.MACRO __GETD2S
                 	LDD  R26,Y+@0
                 	LDD  R27,Y+@0+1
                 	LDD  R24,Y+@0+2
                 	LDD  R25,Y+@0+3
                 	.ENDM
                 
                 	.MACRO __PUTD1S
                 	STD  Y+@0,R30
                 	STD  Y+@0+1,R31
                 	STD  Y+@0+2,R22
                 	STD  Y+@0+3,R23
                 	.ENDM
                 
                 	.MACRO __PUTD2S
                 	STD  Y+@0,R26
                 	STD  Y+@0+1,R27
                 	STD  Y+@0+2,R24
                 	STD  Y+@0+3,R25
                 	.ENDM
                 
                 	.MACRO __PUTDZ2
                 	STD  Z+@0,R26
                 	STD  Z+@0+1,R27
                 	STD  Z+@0+2,R24
                 	STD  Z+@0+3,R25
                 	.ENDM
                 
                 	.MACRO __CLRD1S
                 	STD  Y+@0,R30
                 	STD  Y+@0+1,R30
                 	STD  Y+@0+2,R30
                 	STD  Y+@0+3,R30
                 	.ENDM
                 
                 	.MACRO __POINTB1MN
                 	LDI  R30,LOW(@0+(@1))
                 	.ENDM
                 
                 	.MACRO __POINTW1MN
                 	LDI  R30,LOW(@0+(@1))
                 	LDI  R31,HIGH(@0+(@1))
                 	.ENDM
                 
                 	.MACRO __POINTD1M
                 	LDI  R30,LOW(@0)
                 	LDI  R31,HIGH(@0)
                 	LDI  R22,BYTE3(@0)
                 	LDI  R23,BYTE4(@0)
                 	.ENDM
                 
                 	.MACRO __POINTW1FN
                 	LDI  R30,LOW(2*@0+(@1))
                 	LDI  R31,HIGH(2*@0+(@1))
                 	.ENDM
                 
                 	.MACRO __POINTD1FN
                 	LDI  R30,LOW(2*@0+(@1))
                 	LDI  R31,HIGH(2*@0+(@1))
                 	LDI  R22,BYTE3(2*@0+(@1))
                 	LDI  R23,BYTE4(2*@0+(@1))
                 	.ENDM
                 
                 	.MACRO __POINTB2MN
                 	LDI  R26,LOW(@0+(@1))
                 	.ENDM
                 
                 	.MACRO __POINTW2MN
                 	LDI  R26,LOW(@0+(@1))
                 	LDI  R27,HIGH(@0+(@1))
                 	.ENDM
                 
                 	.MACRO __POINTD2M
                 	LDI  R26,LOW(@0)
                 	LDI  R27,HIGH(@0)
                 	LDI  R24,BYTE3(@0)
                 	LDI  R25,BYTE4(@0)
                 	.ENDM
                 
                 	.MACRO __POINTW2FN
                 	LDI  R26,LOW(2*@0+(@1))
                 	LDI  R27,HIGH(2*@0+(@1))
                 	.ENDM
                 
                 	.MACRO __POINTD2FN
                 	LDI  R26,LOW(2*@0+(@1))
                 	LDI  R27,HIGH(2*@0+(@1))
                 	LDI  R24,BYTE3(2*@0+(@1))
                 	LDI  R25,BYTE4(2*@0+(@1))
                 	.ENDM
                 
                 	.MACRO __POINTBRM
                 	LDI  R@0,LOW(@1)
                 	.ENDM
                 
                 	.MACRO __POINTWRM
                 	LDI  R@0,LOW(@2)
                 	LDI  R@1,HIGH(@2)
                 	.ENDM
                 
                 	.MACRO __POINTBRMN
                 	LDI  R@0,LOW(@1+(@2))
                 	.ENDM
                 
                 	.MACRO __POINTWRMN
                 	LDI  R@0,LOW(@2+(@3))
                 	LDI  R@1,HIGH(@2+(@3))
                 	.ENDM
                 
                 	.MACRO __POINTWRFN
                 	LDI  R@0,LOW(@2*2+(@3))
                 	LDI  R@1,HIGH(@2*2+(@3))
                 	.ENDM
                 
                 	.MACRO __GETD1N
                 	LDI  R30,LOW(@0)
                 	LDI  R31,HIGH(@0)
                 	LDI  R22,BYTE3(@0)
                 	LDI  R23,BYTE4(@0)
                 	.ENDM
                 
                 	.MACRO __GETD2N
                 	LDI  R26,LOW(@0)
                 	LDI  R27,HIGH(@0)
                 	LDI  R24,BYTE3(@0)
                 	LDI  R25,BYTE4(@0)
                 	.ENDM
                 
                 	.MACRO __GETB1MN
                 	LDS  R30,@0+(@1)
                 	.ENDM
                 
                 	.MACRO __GETB1HMN
                 	LDS  R31,@0+(@1)
                 	.ENDM
                 
                 	.MACRO __GETW1MN
                 	LDS  R30,@0+(@1)
                 	LDS  R31,@0+(@1)+1
                 	.ENDM
                 
                 	.MACRO __GETD1MN
                 	LDS  R30,@0+(@1)
                 	LDS  R31,@0+(@1)+1
                 	LDS  R22,@0+(@1)+2
                 	LDS  R23,@0+(@1)+3
                 	.ENDM
                 
                 	.MACRO __GETBRMN
                 	LDS  R@0,@1+(@2)
                 	.ENDM
                 
                 	.MACRO __GETWRMN
                 	LDS  R@0,@2+(@3)
                 	LDS  R@1,@2+(@3)+1
                 	.ENDM
                 
                 	.MACRO __GETWRZ
                 	LDD  R@0,Z+@2
                 	LDD  R@1,Z+@2+1
                 	.ENDM
                 
                 	.MACRO __GETD2Z
                 	LDD  R26,Z+@0
                 	LDD  R27,Z+@0+1
                 	LDD  R24,Z+@0+2
                 	LDD  R25,Z+@0+3
                 	.ENDM
                 
                 	.MACRO __GETB2MN
                 	LDS  R26,@0+(@1)
                 	.ENDM
                 
                 	.MACRO __GETW2MN
                 	LDS  R26,@0+(@1)
                 	LDS  R27,@0+(@1)+1
                 	.ENDM
                 
                 	.MACRO __GETD2MN
                 	LDS  R26,@0+(@1)
                 	LDS  R27,@0+(@1)+1
                 	LDS  R24,@0+(@1)+2
                 	LDS  R25,@0+(@1)+3
                 	.ENDM
                 
                 	.MACRO __PUTB1MN
                 	STS  @0+(@1),R30
                 	.ENDM
                 
                 	.MACRO __PUTW1MN
                 	STS  @0+(@1),R30
                 	STS  @0+(@1)+1,R31
                 	.ENDM
                 
                 	.MACRO __PUTD1MN
                 	STS  @0+(@1),R30
                 	STS  @0+(@1)+1,R31
                 	STS  @0+(@1)+2,R22
                 	STS  @0+(@1)+3,R23
                 	.ENDM
                 
                 	.MACRO __PUTB1EN
                 	LDI  R26,LOW(@0+(@1))
                 	LDI  R27,HIGH(@0+(@1))
                 	CALL __EEPROMWRB
                 	.ENDM
                 
                 	.MACRO __PUTW1EN
                 	LDI  R26,LOW(@0+(@1))
                 	LDI  R27,HIGH(@0+(@1))
                 	CALL __EEPROMWRW
                 	.ENDM
                 
                 	.MACRO __PUTD1EN
                 	LDI  R26,LOW(@0+(@1))
                 	LDI  R27,HIGH(@0+(@1))
                 	CALL __EEPROMWRD
                 	.ENDM
                 
                 	.MACRO __PUTBR0MN
                 	STS  @0+(@1),R0
                 	.ENDM
                 
                 	.MACRO __PUTBMRN
                 	STS  @0+(@1),R@2
                 	.ENDM
                 
                 	.MACRO __PUTWMRN
                 	STS  @0+(@1),R@2
                 	STS  @0+(@1)+1,R@3
                 	.ENDM
                 
                 	.MACRO __PUTBZR
                 	STD  Z+@1,R@0
                 	.ENDM
                 
                 	.MACRO __PUTWZR
                 	STD  Z+@2,R@0
                 	STD  Z+@2+1,R@1
                 	.ENDM
                 
                 	.MACRO __GETW1R
                 	MOV  R30,R@0
                 	MOV  R31,R@1
                 	.ENDM
                 
                 	.MACRO __GETW2R
                 	MOV  R26,R@0
                 	MOV  R27,R@1
                 	.ENDM
                 
                 	.MACRO __GETWRN
                 	LDI  R@0,LOW(@2)
                 	LDI  R@1,HIGH(@2)
                 	.ENDM
                 
                 	.MACRO __PUTW1R
                 	MOV  R@0,R30
                 	MOV  R@1,R31
                 	.ENDM
                 
                 	.MACRO __PUTW2R
                 	MOV  R@0,R26
                 	MOV  R@1,R27
                 	.ENDM
                 
                 	.MACRO __ADDWRN
                 	SUBI R@0,LOW(-@2)
                 	SBCI R@1,HIGH(-@2)
                 	.ENDM
                 
                 	.MACRO __ADDWRR
                 	ADD  R@0,R@2
                 	ADC  R@1,R@3
                 	.ENDM
                 
                 	.MACRO __SUBWRN
                 	SUBI R@0,LOW(@2)
                 	SBCI R@1,HIGH(@2)
                 	.ENDM
                 
                 	.MACRO __SUBWRR
                 	SUB  R@0,R@2
                 	SBC  R@1,R@3
                 	.ENDM
                 
                 	.MACRO __ANDWRN
                 	ANDI R@0,LOW(@2)
                 	ANDI R@1,HIGH(@2)
                 	.ENDM
                 
                 	.MACRO __ANDWRR
                 	AND  R@0,R@2
                 	AND  R@1,R@3
                 	.ENDM
                 
                 	.MACRO __ORWRN
                 	ORI  R@0,LOW(@2)
                 	ORI  R@1,HIGH(@2)
                 	.ENDM
                 
                 	.MACRO __ORWRR
                 	OR   R@0,R@2
                 	OR   R@1,R@3
                 	.ENDM
                 
                 	.MACRO __EORWRR
                 	EOR  R@0,R@2
                 	EOR  R@1,R@3
                 	.ENDM
                 
                 	.MACRO __GETWRS
                 	LDD  R@0,Y+@2
                 	LDD  R@1,Y+@2+1
                 	.ENDM
                 
                 	.MACRO __PUTBSR
                 	STD  Y+@1,R@0
                 	.ENDM
                 
                 	.MACRO __PUTWSR
                 	STD  Y+@2,R@0
                 	STD  Y+@2+1,R@1
                 	.ENDM
                 
                 	.MACRO __MOVEWRR
                 	MOV  R@0,R@2
                 	MOV  R@1,R@3
                 	.ENDM
                 
                 	.MACRO __INWR
                 	IN   R@0,@2
                 	IN   R@1,@2+1
                 	.ENDM
                 
                 	.MACRO __OUTWR
                 	OUT  @2+1,R@1
                 	OUT  @2,R@0
                 	.ENDM
                 
                 	.MACRO __CALL1MN
                 	LDS  R30,@0+(@1)
                 	LDS  R31,@0+(@1)+1
                 	ICALL
                 	.ENDM
                 
                 	.MACRO __CALL1FN
                 	LDI  R30,LOW(2*@0+(@1))
                 	LDI  R31,HIGH(2*@0+(@1))
                 	CALL __GETW1PF
                 	ICALL
                 	.ENDM
                 
                 	.MACRO __CALL2EN
                 	PUSH R26
                 	PUSH R27
                 	LDI  R26,LOW(@0+(@1))
                 	LDI  R27,HIGH(@0+(@1))
                 	CALL __EEPROMRDW
                 	POP  R27
                 	POP  R26
                 	ICALL
                 	.ENDM
                 
                 	.MACRO __CALL2EX
                 	SUBI R26,LOW(-@0)
                 	SBCI R27,HIGH(-@0)
                 	CALL __EEPROMRDD
                 	ICALL
                 	.ENDM
                 
                 	.MACRO __GETW1STACK
                 	IN   R30,SPL
                 	IN   R31,SPH
                 	ADIW R30,@0+1
                 	LD   R0,Z+
                 	LD   R31,Z
                 	MOV  R30,R0
                 	.ENDM
                 
                 	.MACRO __GETD1STACK
                 	IN   R30,SPL
                 	IN   R31,SPH
                 	ADIW R30,@0+1
                 	LD   R0,Z+
                 	LD   R1,Z+
                 	LD   R22,Z
                 	MOVW R30,R0
                 	.ENDM
                 
                 	.MACRO __NBST
                 	BST  R@0,@1
                 	IN   R30,SREG
                 	LDI  R31,0x40
                 	EOR  R30,R31
                 	OUT  SREG,R30
                 	.ENDM
                 
                 
                 	.MACRO __PUTB1SN
                 	LDD  R26,Y+@0
                 	LDD  R27,Y+@0+1
                 	SUBI R26,LOW(-@1)
                 	SBCI R27,HIGH(-@1)
                 	ST   X,R30
                 	.ENDM
                 
                 	.MACRO __PUTW1SN
                 	LDD  R26,Y+@0
                 	LDD  R27,Y+@0+1
                 	SUBI R26,LOW(-@1)
                 	SBCI R27,HIGH(-@1)
                 	ST   X+,R30
                 	ST   X,R31
                 	.ENDM
                 
                 	.MACRO __PUTD1SN
                 	LDD  R26,Y+@0
                 	LDD  R27,Y+@0+1
                 	SUBI R26,LOW(-@1)
                 	SBCI R27,HIGH(-@1)
                 	CALL __PUTDP1
                 	.ENDM
                 
                 	.MACRO __PUTB1SNS
                 	LDD  R26,Y+@0
                 	LDD  R27,Y+@0+1
                 	ADIW R26,@1
                 	ST   X,R30
                 	.ENDM
                 
                 	.MACRO __PUTW1SNS
                 	LDD  R26,Y+@0
                 	LDD  R27,Y+@0+1
                 	ADIW R26,@1
                 	ST   X+,R30
                 	ST   X,R31
                 	.ENDM
                 
                 	.MACRO __PUTD1SNS
                 	LDD  R26,Y+@0
                 	LDD  R27,Y+@0+1
                 	ADIW R26,@1
                 	CALL __PUTDP1
                 	.ENDM
                 
                 	.MACRO __PUTB1PMN
                 	LDS  R26,@0
                 	LDS  R27,@0+1
                 	SUBI R26,LOW(-@1)
                 	SBCI R27,HIGH(-@1)
                 	ST   X,R30
                 	.ENDM
                 
                 	.MACRO __PUTW1PMN
                 	LDS  R26,@0
                 	LDS  R27,@0+1
                 	SUBI R26,LOW(-@1)
                 	SBCI R27,HIGH(-@1)
                 	ST   X+,R30
                 	ST   X,R31
                 	.ENDM
                 
                 	.MACRO __PUTD1PMN
                 	LDS  R26,@0
                 	LDS  R27,@0+1
                 	SUBI R26,LOW(-@1)
                 	SBCI R27,HIGH(-@1)
                 	CALL __PUTDP1
                 	.ENDM
                 
                 	.MACRO __PUTB1PMNS
                 	LDS  R26,@0
                 	LDS  R27,@0+1
                 	ADIW R26,@1
                 	ST   X,R30
                 	.ENDM
                 
                 	.MACRO __PUTW1PMNS
                 	LDS  R26,@0
                 	LDS  R27,@0+1
                 	ADIW R26,@1
                 	ST   X+,R30
                 	ST   X,R31
                 	.ENDM
                 
                 	.MACRO __PUTD1PMNS
                 	LDS  R26,@0
                 	LDS  R27,@0+1
                 	ADIW R26,@1
                 	CALL __PUTDP1
                 	.ENDM
                 
                 	.MACRO __PUTB1RN
                 	MOVW R26,R@0
                 	SUBI R26,LOW(-@1)
                 	SBCI R27,HIGH(-@1)
                 	ST   X,R30
                 	.ENDM
                 
                 	.MACRO __PUTW1RN
                 	MOVW R26,R@0
                 	SUBI R26,LOW(-@1)
                 	SBCI R27,HIGH(-@1)
                 	ST   X+,R30
                 	ST   X,R31
                 	.ENDM
                 
                 	.MACRO __PUTD1RN
                 	MOVW R26,R@0
                 	SUBI R26,LOW(-@1)
                 	SBCI R27,HIGH(-@1)
                 	CALL __PUTDP1
                 	.ENDM
                 
                 	.MACRO __PUTB1RNS
                 	MOVW R26,R@0
                 	ADIW R26,@1
                 	ST   X,R30
                 	.ENDM
                 
                 	.MACRO __PUTW1RNS
                 	MOVW R26,R@0
                 	ADIW R26,@1
                 	ST   X+,R30
                 	ST   X,R31
                 	.ENDM
                 
                 	.MACRO __PUTD1RNS
                 	MOVW R26,R@0
                 	ADIW R26,@1
                 	CALL __PUTDP1
                 	.ENDM
                 
                 	.MACRO __PUTB1RON
                 	MOV  R26,R@0
                 	MOV  R27,R@1
                 	SUBI R26,LOW(-@2)
                 	SBCI R27,HIGH(-@2)
                 	ST   X,R30
                 	.ENDM
                 
                 	.MACRO __PUTW1RON
                 	MOV  R26,R@0
                 	MOV  R27,R@1
                 	SUBI R26,LOW(-@2)
                 	SBCI R27,HIGH(-@2)
                 	ST   X+,R30
                 	ST   X,R31
                 	.ENDM
                 
                 	.MACRO __PUTD1RON
                 	MOV  R26,R@0
                 	MOV  R27,R@1
                 	SUBI R26,LOW(-@2)
                 	SBCI R27,HIGH(-@2)
                 	CALL __PUTDP1
                 	.ENDM
                 
                 	.MACRO __PUTB1RONS
                 	MOV  R26,R@0
                 	MOV  R27,R@1
                 	ADIW R26,@2
                 	ST   X,R30
                 	.ENDM
                 
                 	.MACRO __PUTW1RONS
                 	MOV  R26,R@0
                 	MOV  R27,R@1
                 	ADIW R26,@2
                 	ST   X+,R30
                 	ST   X,R31
                 	.ENDM
                 
                 	.MACRO __PUTD1RONS
                 	MOV  R26,R@0
                 	MOV  R27,R@1
                 	ADIW R26,@2
                 	CALL __PUTDP1
                 	.ENDM
                 
                 
                 	.MACRO __GETB1SX
                 	MOVW R30,R28
                 	SUBI R30,LOW(-@0)
                 	SBCI R31,HIGH(-@0)
                 	LD   R30,Z
                 	.ENDM
                 
                 	.MACRO __GETB1HSX
                 	MOVW R30,R28
                 	SUBI R30,LOW(-@0)
                 	SBCI R31,HIGH(-@0)
                 	LD   R31,Z
                 	.ENDM
                 
                 	.MACRO __GETW1SX
                 	MOVW R30,R28
                 	SUBI R30,LOW(-@0)
                 	SBCI R31,HIGH(-@0)
                 	CALL __GETW1Z
                 	.ENDM
                 
                 	.MACRO __GETD1SX
                 	MOVW R30,R28
                 	SUBI R30,LOW(-@0)
                 	SBCI R31,HIGH(-@0)
                 	CALL __GETD1Z
                 	.ENDM
                 
                 	.MACRO __GETB2SX
                 	MOVW R26,R28
                 	SUBI R26,LOW(-@0)
                 	SBCI R27,HIGH(-@0)
                 	LD   R26,X
                 	.ENDM
                 
                 	.MACRO __GETW2SX
                 	MOVW R26,R28
                 	SUBI R26,LOW(-@0)
                 	SBCI R27,HIGH(-@0)
                 	CALL __GETW2X
                 	.ENDM
                 
                 	.MACRO __GETD2SX
                 	MOVW R26,R28
                 	SUBI R26,LOW(-@0)
                 	SBCI R27,HIGH(-@0)
                 	CALL __GETD2X
                 	.ENDM
                 
                 	.MACRO __GETBRSX
                 	MOVW R30,R28
                 	SUBI R30,LOW(-@1)
                 	SBCI R31,HIGH(-@1)
                 	LD   R@0,Z
                 	.ENDM
                 
                 	.MACRO __GETWRSX
                 	MOVW R30,R28
                 	SUBI R30,LOW(-@2)
                 	SBCI R31,HIGH(-@2)
                 	LD   R@0,Z+
                 	LD   R@1,Z
                 	.ENDM
                 
                 	.MACRO __GETBRSX2
                 	MOVW R26,R28
                 	SUBI R26,LOW(-@1)
                 	SBCI R27,HIGH(-@1)
                 	LD   R@0,X
                 	.ENDM
                 
                 	.MACRO __GETWRSX2
                 	MOVW R26,R28
                 	SUBI R26,LOW(-@2)
                 	SBCI R27,HIGH(-@2)
                 	LD   R@0,X+
                 	LD   R@1,X
                 	.ENDM
                 
                 	.MACRO __LSLW8SX
                 	MOVW R30,R28
                 	SUBI R30,LOW(-@0)
                 	SBCI R31,HIGH(-@0)
                 	LD   R31,Z
                 	CLR  R30
                 	.ENDM
                 
                 	.MACRO __PUTB1SX
                 	MOVW R26,R28
                 	SUBI R26,LOW(-@0)
                 	SBCI R27,HIGH(-@0)
                 	ST   X,R30
                 	.ENDM
                 
                 	.MACRO __PUTW1SX
                 	MOVW R26,R28
                 	SUBI R26,LOW(-@0)
                 	SBCI R27,HIGH(-@0)
                 	ST   X+,R30
                 	ST   X,R31
                 	.ENDM
                 
                 	.MACRO __PUTD1SX
                 	MOVW R26,R28
                 	SUBI R26,LOW(-@0)
                 	SBCI R27,HIGH(-@0)
                 	ST   X+,R30
                 	ST   X+,R31
                 	ST   X+,R22
                 	ST   X,R23
                 	.ENDM
                 
                 	.MACRO __CLRW1SX
                 	MOVW R26,R28
                 	SUBI R26,LOW(-@0)
                 	SBCI R27,HIGH(-@0)
                 	ST   X+,R30
                 	ST   X,R30
                 	.ENDM
                 
                 	.MACRO __CLRD1SX
                 	MOVW R26,R28
                 	SUBI R26,LOW(-@0)
                 	SBCI R27,HIGH(-@0)
                 	ST   X+,R30
                 	ST   X+,R30
                 	ST   X+,R30
                 	ST   X,R30
                 	.ENDM
                 
                 	.MACRO __PUTB2SX
                 	MOVW R30,R28
                 	SUBI R30,LOW(-@0)
                 	SBCI R31,HIGH(-@0)
                 	ST   Z,R26
                 	.ENDM
                 
                 	.MACRO __PUTW2SX
                 	MOVW R30,R28
                 	SUBI R30,LOW(-@0)
                 	SBCI R31,HIGH(-@0)
                 	ST   Z+,R26
                 	ST   Z,R27
                 	.ENDM
                 
                 	.MACRO __PUTD2SX
                 	MOVW R30,R28
                 	SUBI R30,LOW(-@0)
                 	SBCI R31,HIGH(-@0)
                 	ST   Z+,R26
                 	ST   Z+,R27
                 	ST   Z+,R24
                 	ST   Z,R25
                 	.ENDM
                 
                 	.MACRO __PUTBSRX
                 	MOVW R30,R28
                 	SUBI R30,LOW(-@1)
                 	SBCI R31,HIGH(-@1)
                 	ST   Z,R@0
                 	.ENDM
                 
                 	.MACRO __PUTWSRX
                 	MOVW R30,R28
                 	SUBI R30,LOW(-@2)
                 	SBCI R31,HIGH(-@2)
                 	ST   Z+,R@0
                 	ST   Z,R@1
                 	.ENDM
                 
                 	.MACRO __PUTB1SNX
                 	MOVW R26,R28
                 	SUBI R26,LOW(-@0)
                 	SBCI R27,HIGH(-@0)
                 	LD   R0,X+
                 	LD   R27,X
                 	MOV  R26,R0
                 	SUBI R26,LOW(-@1)
                 	SBCI R27,HIGH(-@1)
                 	ST   X,R30
                 	.ENDM
                 
                 	.MACRO __PUTW1SNX
                 	MOVW R26,R28
                 	SUBI R26,LOW(-@0)
                 	SBCI R27,HIGH(-@0)
                 	LD   R0,X+
                 	LD   R27,X
                 	MOV  R26,R0
                 	SUBI R26,LOW(-@1)
                 	SBCI R27,HIGH(-@1)
                 	ST   X+,R30
                 	ST   X,R31
                 	.ENDM
                 
                 	.MACRO __PUTD1SNX
                 	MOVW R26,R28
                 	SUBI R26,LOW(-@0)
                 	SBCI R27,HIGH(-@0)
                 	LD   R0,X+
                 	LD   R27,X
                 	MOV  R26,R0
                 	SUBI R26,LOW(-@1)
                 	SBCI R27,HIGH(-@1)
                 	ST   X+,R30
                 	ST   X+,R31
                 	ST   X+,R22
                 	ST   X,R23
                 	.ENDM
                 
                 	.MACRO __MULBRR
                 	MULS R@0,R@1
                 	MOVW R30,R0
                 	.ENDM
                 
                 	.MACRO __MULBRRU
                 	MUL  R@0,R@1
                 	MOVW R30,R0
                 	.ENDM
                 
                 	.MACRO __MULBRR0
                 	MULS R@0,R@1
                 	.ENDM
                 
                 	.MACRO __MULBRRU0
                 	MUL  R@0,R@1
                 	.ENDM
                 
                 	.MACRO __MULBNWRU
                 	LDI  R26,@2
                 	MUL  R26,R@0
                 	MOVW R30,R0
                 	MUL  R26,R@1
                 	ADD  R31,R0
                 	.ENDM
                 
                 ;GPIOR0 INITIALIZATION VALUE
                 	.EQU __GPIOR0_INIT=0x00
                 
                 	.CSEG
                 	.ORG 0x00
                 
                 ;START OF CODE MARKER
                 __START_OF_CODE:
                 
                 ;INTERRUPT VECTORS
000000 940c 006c 	JMP  __RESET
000002 940c 0000 	JMP  0x00
000004 940c 0000 	JMP  0x00
000006 940c 0000 	JMP  0x00
000008 940c 0000 	JMP  0x00
00000a 940c 0000 	JMP  0x00
00000c 940c 0000 	JMP  0x00
00000e 940c 0000 	JMP  0x00
000010 940c 0000 	JMP  0x00
000012 940c 0000 	JMP  0x00
000014 940c 0000 	JMP  0x00
000016 940c 0000 	JMP  0x00
000018 940c 0000 	JMP  0x00
00001a 940c 0000 	JMP  0x00
00001c 940c 0000 	JMP  0x00
00001e 940c 0000 	JMP  0x00
000020 940c 0000 	JMP  0x00
000022 940c 0000 	JMP  0x00
000024 940c 0000 	JMP  0x00
000026 940c 0000 	JMP  0x00
000028 940c 0000 	JMP  0x00
00002a 940c 0000 	JMP  0x00
00002c 940c 0000 	JMP  0x00
00002e 940c 0000 	JMP  0x00
000030 940c 0000 	JMP  0x00
000032 940c 0000 	JMP  0x00
                 
                 _tbl10_G100:
000034 2710
000035 03e8
000036 0064
000037 000a      	.DB  0x10,0x27,0xE8,0x3,0x64,0x0,0xA,0x0
000038 0001      	.DB  0x1,0x0
                 _tbl16_G100:
000039 1000
00003a 0100
00003b 0010
00003c 0001      	.DB  0x0,0x10,0x0,0x1,0x10,0x0,0x1,0x0
                 
                 _0x3:
00003d 0303
00003e 0203
00003f 0c02
000040 0800      	.DB  0x3,0x3,0x3,0x2,0x2,0xC,0x0,0x8
000041 0100
000042 0600      	.DB  0x0,0x1,0x0,0x6
                 _0x22:
C:\Users\Marco Mancha\Documents\Microcontroladores\ProyectosCodeVision\ControlAcceso\ControlAcceso\Debug\List\ControlAcceso.asm(1131): warning: .cseg .db misalignment - padding zero byte
000043 0001      	.DB  0x1
                 _0x0:
000044 4c41
000045 5241
000046 414d
000047 4120      	.DB  0x41,0x4C,0x41,0x52,0x4D,0x41,0x20,0x41
000048 5443
000049 5649
00004a 0041
00004b 4c43      	.DB  0x43,0x54,0x49,0x56,0x41,0x0,0x43,0x4C
00004c 5641
00004d 3a45
00004e 0020
00004f 4c41      	.DB  0x41,0x56,0x45,0x3A,0x20,0x0,0x41,0x4C
000050 5241
000051 414d
000052 4400
000053 5345      	.DB  0x41,0x52,0x4D,0x41,0x0,0x44,0x45,0x53
000054 4341
000055 4954
000056 4156
000057 4144      	.DB  0x41,0x43,0x54,0x49,0x56,0x41,0x44,0x41
000058 4300
000059 4d41
00005a 4942
00005b 5241      	.DB  0x0,0x43,0x41,0x4D,0x42,0x49,0x41,0x52
00005c 4320
00005d 414c
00005e 4556
00005f 4100      	.DB  0x20,0x43,0x4C,0x41,0x56,0x45,0x0,0x41
000060 414c
000061 4d52
000062 2041
000063 4341      	.DB  0x4C,0x41,0x52,0x4D,0x41,0x20,0x41,0x43
000064 4954
000065 4156
000066 4144
C:\Users\Marco Mancha\Documents\Microcontroladores\ProyectosCodeVision\ControlAcceso\ControlAcceso\Debug\List\ControlAcceso.asm(1141): warning: .cseg .db misalignment - padding zero byte
000067 0000      	.DB  0x54,0x49,0x56,0x41,0x44,0x41,0x0
                 
                 __GLOBAL_INI_TBL:
000068 0001      	.DW  0x01
000069 0306      	.DW  _estatus
00006a 0086      	.DW  _0x22*2
                 
                 _0xFFFFFFFF:
00006b 0000      	.DW  0
                 
                 #define __GLOBAL_INI_TBL_PRESENT 1
                 
                 __RESET:
00006c 94f8      	CLI
00006d 27ee      	CLR  R30
00006e bbef      	OUT  EECR,R30
                 
                 ;INTERRUPT VECTORS ARE PLACED
                 ;AT THE START OF FLASH
00006f e0f1      	LDI  R31,1
000070 bff5      	OUT  MCUCR,R31
000071 bfe5      	OUT  MCUCR,R30
                 
                 ;CLEAR R2-R14
000072 e08d      	LDI  R24,(14-2)+1
000073 e0a2      	LDI  R26,2
000074 27bb      	CLR  R27
                 __CLEAR_REG:
000075 93ed      	ST   X+,R30
000076 958a      	DEC  R24
000077 f7e9      	BRNE __CLEAR_REG
                 
                 ;CLEAR SRAM
000078 e080      	LDI  R24,LOW(__CLEAR_SRAM_SIZE)
000079 e098      	LDI  R25,HIGH(__CLEAR_SRAM_SIZE)
00007a e0a0      	LDI  R26,LOW(__SRAM_START)
00007b e0b1      	LDI  R27,HIGH(__SRAM_START)
                 __CLEAR_SRAM:
00007c 93ed      	ST   X+,R30
00007d 9701      	SBIW R24,1
00007e f7e9      	BRNE __CLEAR_SRAM
                 
                 ;GLOBAL VARIABLES INITIALIZATION
00007f ede0      	LDI  R30,LOW(__GLOBAL_INI_TBL*2)
000080 e0f0      	LDI  R31,HIGH(__GLOBAL_INI_TBL*2)
                 __GLOBAL_INI_NEXT:
000081 9185      	LPM  R24,Z+
000082 9195      	LPM  R25,Z+
000083 9700      	SBIW R24,0
000084 f061      	BREQ __GLOBAL_INI_END
000085 91a5      	LPM  R26,Z+
000086 91b5      	LPM  R27,Z+
000087 9005      	LPM  R0,Z+
000088 9015      	LPM  R1,Z+
000089 01bf      	MOVW R22,R30
00008a 01f0      	MOVW R30,R0
                 __GLOBAL_INI_LOOP:
00008b 9005      	LPM  R0,Z+
00008c 920d      	ST   X+,R0
00008d 9701      	SBIW R24,1
00008e f7e1      	BRNE __GLOBAL_INI_LOOP
00008f 01fb      	MOVW R30,R22
000090 cff0      	RJMP __GLOBAL_INI_NEXT
                 __GLOBAL_INI_END:
                 
                 ;GPIOR0 INITIALIZATION
000091 e0e0      	LDI  R30,__GPIOR0_INIT
000092 bbee      	OUT  GPIOR0,R30
                 
                 ;HARDWARE STACK POINTER INITIALIZATION
000093 efef      	LDI  R30,LOW(__SRAM_END-__HEAP_SIZE)
000094 bfed      	OUT  SPL,R30
000095 e0e8      	LDI  R30,HIGH(__SRAM_END-__HEAP_SIZE)
000096 bfee      	OUT  SPH,R30
                 
                 ;DATA STACK POINTER INITIALIZATION
000097 e0c0      	LDI  R28,LOW(__SRAM_START+__DSTACK_SIZE)
000098 e0d3      	LDI  R29,HIGH(__SRAM_START+__DSTACK_SIZE)
                 
000099 940c 01c3 	JMP  _main
                 
                 	.ESEG
                 	.ORG 0x00
                 
                 	.DSEG
                 	.ORG 0x300
                 
                 	.CSEG
                 ;/*
                 ; * LCDDemoTeensy.c
                 ; *
                 ; * Created: 21/02/2017 02:13:41 p. m.
                 ; * Author: adomingu
                 ; */
                 ;#asm
                     .equ __lcd_port=0x08
                     .equ __lcd_EN=1
                     .equ __lcd_RS=0
                     .equ __lcd_D4=2
                     .equ __lcd_D5=3
                     .equ __lcd_D6=4
                     .equ __lcd_D7=5
                 ; 0000 000F #endasm
                 ;
                 ;#asm
                     .equ __keypad_port=0x0b
                     .equ __keypad_R1=0
                     .equ __keypad_R2=1
                     .equ __keypad_R3=2
                     .equ __keypad_R4=3
                     .equ __keypad_C1=6
                     .equ __keypad_C2=5
                     .equ __keypad_C3=4
                 ; 0000 001A #endasm
                 ;
                 ;#include <io.h>
                 	#ifndef __SLEEP_DEFINED__
                 	#define __SLEEP_DEFINED__
                 	.EQU __se_bit=0x01
                 	.EQU __sm_mask=0x0E
                 	.EQU __sm_adc_noise_red=0x02
                 	.EQU __sm_powerdown=0x04
                 	.EQU __sm_powersave=0x06
                 	.EQU __sm_standby=0x0C
                 	.EQU __sm_ext_standby=0x0E
                 	.SET power_ctrl_reg=smcr
                 	#endif
                 ;#include <delay.h>
                 ;#include <display.h>
                 
                 	.CSEG
                 _SetupLCD:
                 ; .FSTART _SetupLCD
00009b 972c      	SBIW R28,12
00009c e08c      	LDI  R24,12
00009d e0a0      	LDI  R26,LOW(0)
00009e e0b0      	LDI  R27,HIGH(0)
00009f e7ea      	LDI  R30,LOW(_0x3*2)
0000a0 e0f0      	LDI  R31,HIGH(_0x3*2)
0000a1 d264      	RCALL __INITLOCB
0000a2 930a      	ST   -Y,R16
                 ;	TableSetup -> Y+1
                 ;	i -> R16
                 ; 0000 001E     SBI __lcd_port-1,__lcd_EN
0000a3 9a39          SBI __lcd_port-1,__lcd_EN
0000a4 9a38          SBI __lcd_port-1,__lcd_RS
0000a5 9a3a          SBI __lcd_port-1,__lcd_D4
0000a6 9a3b          SBI __lcd_port-1,__lcd_D5
0000a7 9a3c          SBI __lcd_port-1,__lcd_D6
0000a8 9a3d          SBI __lcd_port-1,__lcd_D7
0000a9 e3a2      	LDI  R26,LOW(50)
0000aa e0b0      	LDI  R27,0
0000ab d27e      	RCALL _delay_ms
0000ac e000      	LDI  R16,LOW(0)
                 _0x5:
0000ad 300c      	CPI  R16,12
0000ae f470      	BRSH _0x6
0000af e0a2      	LDI  R26,LOW(2)
0000b0 e0b0      	LDI  R27,0
0000b1 d278      	RCALL _delay_ms
0000b2 2fe0      	MOV  R30,R16
0000b3 e0f0      	LDI  R31,0
0000b4 01de      	MOVW R26,R28
0000b5 9611      	ADIW R26,1
0000b6 0fae      	ADD  R26,R30
0000b7 1fbf      	ADC  R27,R31
0000b8 91ac      	LD   R26,X
0000b9 d00f      	RCALL _SendDataBitsLCD
0000ba d00b      	RCALL _PulseEn
0000bb 5f0f      	SUBI R16,-1
0000bc cff0      	RJMP _0x5
                 _0x6:
0000bd e0ec      	LDI  R30,LOW(12)
0000be 93e0 0300 	STS  _cursor,R30
0000c0 91a0 0300 	LDS  R26,_cursor
0000c2 d021      	RCALL _WriteComandLCD
0000c3 8108      	LDD  R16,Y+0
0000c4 962d      	ADIW R28,13
0000c5 9508      	RET
                 ; .FEND
                 _PulseEn:
                 ; .FSTART _PulseEn
0000c6 9a41          SBI __lcd_port,__lcd_EN  // EN=1;
0000c7 9841          CBI __lcd_port,__lcd_EN // EN=0;
0000c8 9508      	RET
                 ; .FEND
                 _SendDataBitsLCD:
                 ; .FSTART _SendDataBitsLCD
0000c9 93aa      	ST   -Y,R26
                 ;	dato -> Y+0
0000ca 81e8      	LD   R30,Y
0000cb 70e8      	ANDI R30,LOW(0x8)
0000cc f011      	BREQ _0x7
0000cd 9a45      	SBI __lcd_port,__lcd_D7
0000ce c001      	RJMP _0x8
                 _0x7:
0000cf 9845      	CBI __lcd_port,__lcd_D7
                 _0x8:
0000d0 81e8      	LD   R30,Y
0000d1 70e4      	ANDI R30,LOW(0x4)
0000d2 f011      	BREQ _0x9
0000d3 9a44      	SBI __lcd_port,__lcd_D6
0000d4 c001      	RJMP _0xA
                 _0x9:
0000d5 9844      	CBI __lcd_port,__lcd_D6
                 _0xA:
0000d6 81e8      	LD   R30,Y
0000d7 70e2      	ANDI R30,LOW(0x2)
0000d8 f011      	BREQ _0xB
0000d9 9a43      	SBI __lcd_port,__lcd_D5
0000da c001      	RJMP _0xC
                 _0xB:
0000db 9843      	CBI __lcd_port,__lcd_D5
                 _0xC:
0000dc 81e8      	LD   R30,Y
0000dd 70e1      	ANDI R30,LOW(0x1)
0000de f011      	BREQ _0xD
0000df 9a42      	SBI __lcd_port,__lcd_D4
0000e0 c001      	RJMP _0xE
                 _0xD:
0000e1 9842      	CBI __lcd_port,__lcd_D4
                 _0xE:
0000e2 9621      	ADIW R28,1
0000e3 9508      	RET
                 ; .FEND
                 _WriteComandLCD:
                 ; .FSTART _WriteComandLCD
0000e4 93aa      	ST   -Y,R26
0000e5 930a      	ST   -Y,R16
                 ;	Comando -> Y+1
                 ;	tempComando -> R16
0000e6 9840      	CBI __lcd_port,__lcd_RS
0000e7 d18f      	RCALL SUBOPT_0x0
0000e8 c036      	RJMP _0x2080003
                 ; .FEND
                 _CharLCD:
                 ; .FSTART _CharLCD
0000e9 93aa      	ST   -Y,R26
0000ea 930a      	ST   -Y,R16
                 ;	dato -> Y+1
                 ;	tempdato -> R16
0000eb 9a40      	SBI __lcd_port,__lcd_RS
0000ec d18a      	RCALL SUBOPT_0x0
0000ed c031      	RJMP _0x2080003
                 ; .FEND
                 _StringLCD:
                 ; .FSTART _StringLCD
0000ee 93ba      	ST   -Y,R27
0000ef 93aa      	ST   -Y,R26
0000f0 930a      	ST   -Y,R16
                 ;	i -> R16
0000f1 e000      	LDI  R16,LOW(0)
                 _0x10:
0000f2 2fe0      	MOV  R30,R16
0000f3 5f0f      	SUBI R16,-1
0000f4 d198      	RCALL SUBOPT_0x1
0000f5 91a4      	LPM  R26,Z
0000f6 dff2      	RCALL _CharLCD
0000f7 2fe0      	MOV  R30,R16
0000f8 d194      	RCALL SUBOPT_0x1
0000f9 91e4      	LPM  R30,Z
0000fa 30e0      	CPI  R30,0
0000fb f7b1      	BRNE _0x10
0000fc 8108      	LDD  R16,Y+0
0000fd 940c 01a6 	JMP  _0x2080002
                 ; .FEND
                 ;	tiempo -> Y+1
                 ;	i -> R16
                 ;	Mensaje -> Y+1
                 ;	i -> R16
                 _EraseLCD:
                 ; .FSTART _EraseLCD
0000ff e0a1      	LDI  R26,LOW(1)
000100 dfe3      	RCALL _WriteComandLCD
000101 9508      	RET
                 ; .FEND
                 _MoveCursor:
                 ; .FSTART _MoveCursor
000102 93aa      	ST   -Y,R26
                 ;	x -> Y+1
                 ;	y -> Y+0
000103 81e8      	LD   R30,Y
000104 e0f0      	LDI  R31,0
000105 9730      	SBIW R30,0
000106 f419      	BRNE _0x1B
000107 81a9      	LDD  R26,Y+1
000108 58a0      	SUBI R26,-LOW(128)
000109 c014      	RJMP _0x4B
                 _0x1B:
00010a 30e1      	CPI  R30,LOW(0x1)
00010b e0a0      	LDI  R26,HIGH(0x1)
00010c 07fa      	CPC  R31,R26
00010d f419      	BRNE _0x1C
00010e 81a9      	LDD  R26,Y+1
00010f 54a0      	SUBI R26,-LOW(192)
000110 c00d      	RJMP _0x4B
                 _0x1C:
000111 30e2      	CPI  R30,LOW(0x2)
000112 e0a0      	LDI  R26,HIGH(0x2)
000113 07fa      	CPC  R31,R26
000114 f419      	BRNE _0x1D
000115 81a9      	LDD  R26,Y+1
000116 56ac      	SUBI R26,-LOW(148)
000117 c006      	RJMP _0x4B
                 _0x1D:
000118 30e3      	CPI  R30,LOW(0x3)
000119 e0a0      	LDI  R26,HIGH(0x3)
00011a 07fa      	CPC  R31,R26
00011b f419      	BRNE _0x1A
00011c 81a9      	LDD  R26,Y+1
00011d 52ac      	SUBI R26,-LOW(212)
                 _0x4B:
00011e dfc5      	RCALL _WriteComandLCD
                 _0x1A:
                 _0x2080003:
00011f 9622      	ADIW R28,2
000120 9508      	RET
                 ; .FEND
                 ;	NoCaracter -> Y+3
                 ;	datos -> Y+1
                 ;	i -> R16
                 ;#include <stdio.h>
                 ;#include <eeprom.h>
                 ;
                 ;void SetupKeypad()
                 ; 0000 0023 {
                 _SetupKeypad:
                 ; .FSTART _SetupKeypad
                 ; 0000 0024     #asm
                 ; 0000 0025         SBI __keypad_port-1,__keypad_R1 ;Renglón 1 de salida
000121 9a50              SBI __keypad_port-1,__keypad_R1 ;Renglón 1 de salida
                 ; 0000 0026         SBI __keypad_port-1,__keypad_R2 ;Renglón 2 de salida
000122 9a51              SBI __keypad_port-1,__keypad_R2 ;Renglón 2 de salida
                 ; 0000 0027         SBI __keypad_port-1,__keypad_R3 ;Renglón 3 de salida
000123 9a52              SBI __keypad_port-1,__keypad_R3 ;Renglón 3 de salida
                 ; 0000 0028         SBI __keypad_port-1,__keypad_R4 ;Renglón 4 de salida
000124 9a53              SBI __keypad_port-1,__keypad_R4 ;Renglón 4 de salida
                 ; 0000 0029         SBI __keypad_port,__keypad_C1   ;Pull-up en Columna 1
000125 9a5e              SBI __keypad_port,__keypad_C1   ;Pull-up en Columna 1
                 ; 0000 002A         SBI __keypad_port,__keypad_C2   ;Pull-up en Columna 2
000126 9a5d              SBI __keypad_port,__keypad_C2   ;Pull-up en Columna 2
                 ; 0000 002B         SBI __keypad_port,__keypad_C3   ;Pull-up en Columna 3
000127 9a5c              SBI __keypad_port,__keypad_C3   ;Pull-up en Columna 3
                 ; 0000 002C     #endasm
                 ; 0000 002D }
000128 9508      	RET
                 ; .FEND
                 ;
                 ;#pragma warn-
                 ;char LeeTeclado()
                 ; 0000 0031 {
                 _LeeTeclado:
                 ; .FSTART _LeeTeclado
                 ; 0000 0032     #asm
                 ; 0000 0033     Inicio:
                     Inicio:
                 ; 0000 0034         SBIS __keypad_port-2,__keypad_C1
000129 9b4e              SBIS __keypad_port-2,__keypad_C1
                 ; 0000 0035         RJMP BarridoC1
00012a c006              RJMP BarridoC1
                 ; 0000 0036         SBIS __keypad_port-2,__keypad_C2
00012b 9b4d              SBIS __keypad_port-2,__keypad_C2
                 ; 0000 0037         RJMP BarridoC2
00012c c01f              RJMP BarridoC2
                 ; 0000 0038         SBIS __keypad_port-2,__keypad_C3
00012d 9b4c              SBIS __keypad_port-2,__keypad_C3
                 ; 0000 0039         RJMP BarridoC3
00012e c037              RJMP BarridoC3
                 ; 0000 003A         CLR R30    ;no hay tecla presionada
00012f 27ee              CLR R30    ;no hay tecla presionada
                 ; 0000 003B         RJMP Fin
000130 c04f              RJMP Fin
                 ; 0000 003C      BarridoC1:
                      BarridoC1:
                 ; 0000 003D         LDI R30,'1'
000131 e3e1              LDI R30,'1'
                 ; 0000 003E         SBI __keypad_port,__keypad_R2   ;R2=1
000132 9a59              SBI __keypad_port,__keypad_R2   ;R2=1
                 ; 0000 003F         SBI __keypad_port,__keypad_R3   ;R3=1
000133 9a5a              SBI __keypad_port,__keypad_R3   ;R3=1
                 ; 0000 0040         SBI __keypad_port,__keypad_R4   ;R4=1
000134 9a5b              SBI __keypad_port,__keypad_R4   ;R4=1
                 ; 0000 0041         NOP
000135 0000              NOP
                 ; 0000 0042         SBIS __keypad_port-2,__keypad_C1
000136 9b4e              SBIS __keypad_port-2,__keypad_C1
                 ; 0000 0043         RJMP Fin
000137 c048              RJMP Fin
                 ; 0000 0044         LDI R30,'4'
000138 e3e4              LDI R30,'4'
                 ; 0000 0045         SBI __keypad_port,__keypad_R1   ;R1=1
000139 9a58              SBI __keypad_port,__keypad_R1   ;R1=1
                 ; 0000 0046         CBI __keypad_port,__keypad_R2   ;R2=0
00013a 9859              CBI __keypad_port,__keypad_R2   ;R2=0
                 ; 0000 0047         NOP
00013b 0000              NOP
                 ; 0000 0048         SBIS __keypad_port-2,__keypad_C1
00013c 9b4e              SBIS __keypad_port-2,__keypad_C1
                 ; 0000 0049         RJMP Fin
00013d c042              RJMP Fin
                 ; 0000 004A         LDI R30,'7'
00013e e3e7              LDI R30,'7'
                 ; 0000 004B         SBI __keypad_port,__keypad_R2   ;R2=1
00013f 9a59              SBI __keypad_port,__keypad_R2   ;R2=1
                 ; 0000 004C         CBI __keypad_port,__keypad_R3   ;R3=0
000140 985a              CBI __keypad_port,__keypad_R3   ;R3=0
                 ; 0000 004D         NOP
000141 0000              NOP
                 ; 0000 004E         SBIS __keypad_port-2,__keypad_C1
000142 9b4e              SBIS __keypad_port-2,__keypad_C1
                 ; 0000 004F 
                 
                 ; 0000 0050         RJMP Fin
000143 c03c              RJMP Fin
                 ; 0000 0051         LDI R30,'*'
000144 e2ea              LDI R30,'*'
                 ; 0000 0052         SBI __keypad_port,__keypad_R3   ;R3=1
000145 9a5a              SBI __keypad_port,__keypad_R3   ;R3=1
                 ; 0000 0053         CBI __keypad_port,__keypad_R4   ;R4=0
000146 985b              CBI __keypad_port,__keypad_R4   ;R4=0
                 ; 0000 0054         NOP
000147 0000              NOP
                 ; 0000 0055         SBIS __keypad_port-2,__keypad_C1
000148 9b4e              SBIS __keypad_port-2,__keypad_C1
                 ; 0000 0056         RJMP Fin
000149 c036              RJMP Fin
                 ; 0000 0057         CLR R30
00014a 27ee              CLR R30
                 ; 0000 0058         RJMP Fin
00014b c034              RJMP Fin
                 ; 0000 0059      BarridoC2:
                      BarridoC2:
                 ; 0000 005A         LDI R30,'2'
00014c e3e2              LDI R30,'2'
                 ; 0000 005B         SBI __keypad_port,__keypad_R2   ;R2=1
00014d 9a59              SBI __keypad_port,__keypad_R2   ;R2=1
                 ; 0000 005C         SBI __keypad_port,__keypad_R3   ;R3=1
00014e 9a5a              SBI __keypad_port,__keypad_R3   ;R3=1
                 ; 0000 005D         SBI __keypad_port,__keypad_R4   ;R4=1
00014f 9a5b              SBI __keypad_port,__keypad_R4   ;R4=1
                 ; 0000 005E         NOP
000150 0000              NOP
                 ; 0000 005F         SBIS __keypad_port-2,__keypad_C2
000151 9b4d              SBIS __keypad_port-2,__keypad_C2
                 ; 0000 0060         RJMP Fin
000152 c02d              RJMP Fin
                 ; 0000 0061         LDI R30,'5'
000153 e3e5              LDI R30,'5'
                 ; 0000 0062         SBI __keypad_port,__keypad_R1   ;R1=1
000154 9a58              SBI __keypad_port,__keypad_R1   ;R1=1
                 ; 0000 0063         CBI __keypad_port,__keypad_R2   ;R2=0
000155 9859              CBI __keypad_port,__keypad_R2   ;R2=0
                 ; 0000 0064         NOP
000156 0000              NOP
                 ; 0000 0065         SBIS __keypad_port-2,__keypad_C2
000157 9b4d              SBIS __keypad_port-2,__keypad_C2
                 ; 0000 0066         RJMP Fin
000158 c027              RJMP Fin
                 ; 0000 0067         LDI R30,'8'
000159 e3e8              LDI R30,'8'
                 ; 0000 0068         SBI __keypad_port,__keypad_R2   ;R2=1
00015a 9a59              SBI __keypad_port,__keypad_R2   ;R2=1
                 ; 0000 0069         CBI __keypad_port,__keypad_R3   ;R3=0
00015b 985a              CBI __keypad_port,__keypad_R3   ;R3=0
                 ; 0000 006A         NOP
00015c 0000              NOP
                 ; 0000 006B         SBIS __keypad_port-2,__keypad_C2
00015d 9b4d              SBIS __keypad_port-2,__keypad_C2
                 ; 0000 006C         RJMP Fin
00015e c021              RJMP Fin
                 ; 0000 006D         LDI R30,'0'
00015f e3e0              LDI R30,'0'
                 ; 0000 006E         SBI __keypad_port,__keypad_R3   ;R3=1
000160 9a5a              SBI __keypad_port,__keypad_R3   ;R3=1
                 ; 0000 006F         CBI __keypad_port,__keypad_R4   ;R4=0
000161 985b              CBI __keypad_port,__keypad_R4   ;R4=0
                 ; 0000 0070         NOP
000162 0000              NOP
                 ; 0000 0071         SBIS __keypad_port-2,__keypad_C2
000163 9b4d              SBIS __keypad_port-2,__keypad_C2
                 ; 0000 0072         RJMP Fin
000164 c01b              RJMP Fin
                 ; 0000 0073         CLR R30
000165 27ee              CLR R30
                 ; 0000 0074 
                 
                 ; 0000 0075      BarridoC3:
                      BarridoC3:
                 ; 0000 0076         LDI R30,'3'
000166 e3e3              LDI R30,'3'
                 ; 0000 0077         SBI __keypad_port,__keypad_R2   ;R2=1
000167 9a59              SBI __keypad_port,__keypad_R2   ;R2=1
                 ; 0000 0078         SBI __keypad_port,__keypad_R3   ;R3=1
000168 9a5a              SBI __keypad_port,__keypad_R3   ;R3=1
                 ; 0000 0079         SBI __keypad_port,__keypad_R4   ;R4=1
000169 9a5b              SBI __keypad_port,__keypad_R4   ;R4=1
                 ; 0000 007A         NOP
00016a 0000              NOP
                 ; 0000 007B         SBIS __keypad_port-2,__keypad_C3
00016b 9b4c              SBIS __keypad_port-2,__keypad_C3
                 ; 0000 007C         RJMP Fin
00016c c013              RJMP Fin
                 ; 0000 007D         LDI R30,'6'
00016d e3e6              LDI R30,'6'
                 ; 0000 007E         SBI __keypad_port,__keypad_R1   ;R1=1
00016e 9a58              SBI __keypad_port,__keypad_R1   ;R1=1
                 ; 0000 007F         CBI __keypad_port,__keypad_R2   ;R2=0
00016f 9859              CBI __keypad_port,__keypad_R2   ;R2=0
                 ; 0000 0080         NOP
000170 0000              NOP
                 ; 0000 0081         SBIS __keypad_port-2,__keypad_C3
000171 9b4c              SBIS __keypad_port-2,__keypad_C3
                 ; 0000 0082         RJMP Fin
000172 c00d              RJMP Fin
                 ; 0000 0083         LDI R30,'9'
000173 e3e9              LDI R30,'9'
                 ; 0000 0084         SBI __keypad_port,__keypad_R2   ;R2=1
000174 9a59              SBI __keypad_port,__keypad_R2   ;R2=1
                 ; 0000 0085         CBI __keypad_port,__keypad_R3   ;R3=0
000175 985a              CBI __keypad_port,__keypad_R3   ;R3=0
                 ; 0000 0086         NOP
000176 0000              NOP
                 ; 0000 0087         SBIS __keypad_port-2,__keypad_C3
000177 9b4c              SBIS __keypad_port-2,__keypad_C3
                 ; 0000 0088         RJMP Fin
000178 c007              RJMP Fin
                 ; 0000 0089         LDI R30,'#'
000179 e2e3              LDI R30,'#'
                 ; 0000 008A         SBI __keypad_port,__keypad_R3   ;R3=1
00017a 9a5a              SBI __keypad_port,__keypad_R3   ;R3=1
                 ; 0000 008B         CBI __keypad_port,__keypad_R4   ;R4=0
00017b 985b              CBI __keypad_port,__keypad_R4   ;R4=0
                 ; 0000 008C         NOP
00017c 0000              NOP
                 ; 0000 008D         SBIS __keypad_port-2,__keypad_C3
00017d 9b4c              SBIS __keypad_port-2,__keypad_C3
                 ; 0000 008E         RJMP Fin
00017e c001              RJMP Fin
                 ; 0000 008F         CLR R30
00017f 27ee              CLR R30
                 ; 0000 0090      Fin:
                      Fin:
                 ; 0000 0091         CBI __keypad_port,__keypad_R1
000180 9858              CBI __keypad_port,__keypad_R1
                 ; 0000 0092         CBI __keypad_port,__keypad_R2
000181 9859              CBI __keypad_port,__keypad_R2
                 ; 0000 0093         CBI __keypad_port,__keypad_R3
000182 985a              CBI __keypad_port,__keypad_R3
                 ; 0000 0094         CBI __keypad_port,__keypad_R4
000183 985b              CBI __keypad_port,__keypad_R4
                 ; 0000 0095 
                 
                 ; 0000 0096     #endasm
                 ; 0000 0097 }
000184 9508      	RET
                 ; .FEND
                 ;#pragma warn+
                 ;
                 ;char tecla;
                 ;unsigned int i = 0;
                 ;unsigned int intentos = 0;
                 ;unsigned int estatus = 1;
                 
                 	.DSEG
                 ;// 1 - Alarma Activada
                 ;// 2 - Alarma Desactivada
                 ;// 3 - Cambiar clave
                 ;// 4 - Alerta activada
                 ;unsigned int addr;
                 ;char read_key[4];
                 ;char write_key[4];
                 ;
                 ;void ReseteoClaves()
                 ; 0000 00A7 {
                 
                 	.CSEG
                 _ReseteoClaves:
                 ; .FSTART _ReseteoClaves
                 ; 0000 00A8    unsigned char i;
                 ; 0000 00A9    for (i=0;i<4;i++)
000185 930a      	ST   -Y,R16
                 ;	i -> R16
000186 e000      	LDI  R16,LOW(0)
                 _0x24:
000187 3004      	CPI  R16,4
000188 f428      	BRSH _0x25
                 ; 0000 00AA    {
                 ; 0000 00AB       write_key[i]='0';
000189 d109      	RCALL SUBOPT_0x2
00018a e3a0      	LDI  R26,LOW(48)
00018b 83a0      	STD  Z+0,R26
                 ; 0000 00AC    }
00018c 5f0f      	SUBI R16,-1
00018d cff9      	RJMP _0x24
                 _0x25:
                 ; 0000 00AD }
00018e 9109      	LD   R16,Y+
00018f 9508      	RET
                 ; .FEND
                 ;
                 ;int comparaClave(){
                 ; 0000 00AF int comparaClave(){
                 _comparaClave:
                 ; .FSTART _comparaClave
                 ; 0000 00B0    unsigned char i;
                 ; 0000 00B1    unsigned int resultado = 1;
                 ; 0000 00B2    for (i=0;i<4;i++)
000190 d16c      	RCALL __SAVELOCR3
                 ;	i -> R16
                 ;	resultado -> R17,R18
                +
000191 e011     +LDI R17 , LOW ( 1 )
000192 e020     +LDI R18 , HIGH ( 1 )
                 	__GETWRN 17,18,1
000193 e000      	LDI  R16,LOW(0)
                 _0x27:
000194 3004      	CPI  R16,4
000195 f468      	BRSH _0x28
                 ; 0000 00B3    {
                 ; 0000 00B4      if(read_key[i] != write_key[i])
000196 2fe0      	MOV  R30,R16
000197 e0f0      	LDI  R31,0
000198 5fe6      	SUBI R30,LOW(-_read_key)
000199 4ffc      	SBCI R31,HIGH(-_read_key)
00019a 81a0      	LD   R26,Z
00019b d0f7      	RCALL SUBOPT_0x2
00019c 81e0      	LD   R30,Z
00019d 17ea      	CP   R30,R26
00019e f011      	BREQ _0x29
                 ; 0000 00B5         resultado = 0;
                +
00019f e010     +LDI R17 , LOW ( 0 )
0001a0 e020     +LDI R18 , HIGH ( 0 )
                 	__GETWRN 17,18,0
                 ; 0000 00B6    }
                 _0x29:
0001a1 5f0f      	SUBI R16,-1
0001a2 cff1      	RJMP _0x27
                 _0x28:
                 ; 0000 00B7    return resultado;
                +
0001a3 2fe1     +MOV R30 , R17
0001a4 2ff2     +MOV R31 , R18
                 	__GETW1R 17,18
0001a5 d15c      	RCALL __LOADLOCR3
                 _0x2080002:
0001a6 9623      	ADIW R28,3
0001a7 9508      	RET
                 ; 0000 00B8 }
                 ; .FEND
                 ;
                 ;void esperaTeclaNoImprime()
                 ; 0000 00BB {
                 _esperaTeclaNoImprime:
                 ; .FSTART _esperaTeclaNoImprime
                 ; 0000 00BC     //Espera a presionar tecla
                 ; 0000 00BD     do{
                 _0x2B:
                 ; 0000 00BE         tecla=LeeTeclado();
0001a8 df80      	RCALL _LeeTeclado
0001a9 93e0 0301 	STS  _tecla,R30
                 ; 0000 00BF     }while(tecla==0);
0001ab 30e0      	CPI  R30,0
0001ac f3d9      	BREQ _0x2B
                 ; 0000 00C0     write_key[i] = tecla;
0001ad d0ea      	RCALL SUBOPT_0x3
                 ; 0000 00C1     //Espera a soltar tecla
                 ; 0000 00C2     do{
                 _0x2E:
                 ; 0000 00C3         tecla=LeeTeclado();
0001ae df7a      	RCALL _LeeTeclado
0001af 93e0 0301 	STS  _tecla,R30
                 ; 0000 00C4     }while(tecla!=0);
0001b1 30e0      	CPI  R30,0
0001b2 f7d9      	BRNE _0x2E
                 ; 0000 00C5 }
0001b3 9508      	RET
                 ; .FEND
                 ;
                 ;void esperaTeclaImprime()
                 ; 0000 00C8 {
                 _esperaTeclaImprime:
                 ; .FSTART _esperaTeclaImprime
                 ; 0000 00C9     //Espera a presionar tecla
                 ; 0000 00CA     do{
                 _0x31:
                 ; 0000 00CB         tecla=LeeTeclado();
0001b4 df74      	RCALL _LeeTeclado
0001b5 93e0 0301 	STS  _tecla,R30
                 ; 0000 00CC     }while(tecla==0);
0001b7 30e0      	CPI  R30,0
0001b8 f3d9      	BREQ _0x31
                 ; 0000 00CD     write_key[i] = tecla;
0001b9 d0de      	RCALL SUBOPT_0x3
                 ; 0000 00CE     CharLCD(tecla);
0001ba 91a0 0301 	LDS  R26,_tecla
0001bc df2c      	RCALL _CharLCD
                 ; 0000 00CF     //Espera a soltar tecla
                 ; 0000 00D0     do{
                 _0x34:
                 ; 0000 00D1         tecla=LeeTeclado();
0001bd df6b      	RCALL _LeeTeclado
0001be 93e0 0301 	STS  _tecla,R30
                 ; 0000 00D2     }while(tecla!=0);
0001c0 30e0      	CPI  R30,0
0001c1 f7d9      	BRNE _0x34
                 ; 0000 00D3 }
0001c2 9508      	RET
                 ; .FEND
                 ;
                 ;
                 ;void main(void)
                 ; 0000 00D7 {
                 _main:
                 ; .FSTART _main
                 ; 0000 00D8     //Trabaje a 8MHz
                 ; 0000 00D9     CLKPR=0x80;
0001c3 e8e0      	LDI  R30,LOW(128)
0001c4 93e0 0061 	STS  97,R30
                 ; 0000 00DA     CLKPR=0x00;
0001c6 e0e0      	LDI  R30,LOW(0)
0001c7 93e0 0061 	STS  97,R30
                 ; 0000 00DB 
                 ; 0000 00DC     // Setup LCD Y Keypad
                 ; 0000 00DD     SetupLCD();
0001c9 ded1      	RCALL _SetupLCD
                 ; 0000 00DE     SetupKeypad();
0001ca df56      	RCALL _SetupKeypad
                 ; 0000 00DF 
                 ; 0000 00E0     // Leer clave de eeprom
                 ; 0000 00E1     ReseteoClaves();
0001cb dfb9      	RCALL _ReseteoClaves
                 ; 0000 00E2     eeprom_read_block(read_key,0,sizeof(read_key));
0001cc d0d5      	RCALL SUBOPT_0x4
                 ; 0000 00E3     addr = 0;
0001cd 93e0 0308 	STS  _addr,R30
0001cf 93e0 0309 	STS  _addr+1,R30
                 ; 0000 00E4 
                 ; 0000 00E5     while (1)
                 _0x36:
                 ; 0000 00E6     {
                 ; 0000 00E7         switch(estatus){
0001d1 91e0 0306 	LDS  R30,_estatus
0001d3 91f0 0307 	LDS  R31,_estatus+1
                 ; 0000 00E8             // Estatus inicial, aquí se debe checar estatus del sensor
                 ; 0000 00E9             case 1:
0001d5 30e1      	CPI  R30,LOW(0x1)
0001d6 e0a0      	LDI  R26,HIGH(0x1)
0001d7 07fa      	CPC  R31,R26
0001d8 f4f9      	BRNE _0x3C
                 ; 0000 00EA                 MoveCursor(0,0);
0001d9 d0d5      	RCALL SUBOPT_0x5
                 ; 0000 00EB                 StringLCD("ALARMA ACTIVA");
                +
0001da e8a8     +LDI R26 , LOW ( 2 * _0x0 + ( 0 ) )
0001db e0b0     +LDI R27 , HIGH ( 2 * _0x0 + ( 0 ) )
                 	__POINTW2FN _0x0,0
0001dc d0d6      	RCALL SUBOPT_0x6
                 ; 0000 00EC                 MoveCursor(0,1);
                 ; 0000 00ED                 StringLCD("CLAVE: ");
                 ; 0000 00EE                 MoveCursor(7+i,1);
                 ; 0000 00EF 
                 ; 0000 00F0                 esperaTeclaImprime();
                 ; 0000 00F1 
                 ; 0000 00F2                 i++;
                 ; 0000 00F3 
                 ; 0000 00F4                 // Si ya ingreso clave de 4 digitos
                 ; 0000 00F5                 if(i == 4){
0001dd f4c9      	BRNE _0x3D
                 ; 0000 00F6                     if(comparaClave() == 1){
0001de d0f0      	RCALL SUBOPT_0x7
0001df f411      	BRNE _0x3E
                 ; 0000 00F7                         intentos = 0;
0001e0 d0f3      	RCALL SUBOPT_0x8
                 ; 0000 00F8                         estatus = 2;
0001e1 c00f      	RJMP _0x4C
                 ; 0000 00F9                     }
                 ; 0000 00FA                     else{
                 _0x3E:
                 ; 0000 00FB                         intentos++;
0001e2 e0a4      	LDI  R26,LOW(_intentos)
0001e3 e0b3      	LDI  R27,HIGH(_intentos)
0001e4 91ed      	LD   R30,X+
0001e5 91fd      	LD   R31,X+
0001e6 9631      	ADIW R30,1
0001e7 93fe      	ST   -X,R31
0001e8 93ee      	ST   -X,R30
                 ; 0000 00FC                         if(intentos >= 3){
0001e9 91a0 0304 	LDS  R26,_intentos
0001eb 91b0 0305 	LDS  R27,_intentos+1
0001ed 9713      	SBIW R26,3
0001ee f030      	BRLO _0x40
                 ; 0000 00FD                             // Hacer sonar alarma, prender led
                 ; 0000 00FE                             estatus = 4;
0001ef e0e4      	LDI  R30,LOW(4)
0001f0 e0f0      	LDI  R31,HIGH(4)
                 _0x4C:
0001f1 93e0 0306 	STS  _estatus,R30
0001f3 93f0 0307 	STS  _estatus+1,R31
                 ; 0000 00FF                         }
                 ; 0000 0100                     }
                 _0x40:
                 ; 0000 0101                     EraseLCD();
0001f5 df09      	RCALL _EraseLCD
                 ; 0000 0102                     i = 0;
0001f6 d0e5      	RCALL SUBOPT_0x9
                 ; 0000 0103                 }
                 ; 0000 0104 
                 ; 0000 0105                 break;
                 _0x3D:
0001f7 c057      	RJMP _0x3B
                 ; 0000 0106 
                 ; 0000 0107             //Estatus de alarma desactivada, se puede volver a activar la alarma
                 ; 0000 0108             // o se puede cambiar la clave
                 ; 0000 0109             case 2:
                 _0x3C:
0001f8 30e2      	CPI  R30,LOW(0x2)
0001f9 e0a0      	LDI  R26,HIGH(0x2)
0001fa 07fa      	CPC  R31,R26
0001fb f511      	BRNE _0x41
                 ; 0000 010A                 MoveCursor(5,0);
0001fc e0e5      	LDI  R30,LOW(5)
0001fd 93ea      	ST   -Y,R30
0001fe e0a0      	LDI  R26,LOW(0)
0001ff df02      	RCALL _MoveCursor
                 ; 0000 010B                 StringLCD("ALARMA");
                +
000200 e9ae     +LDI R26 , LOW ( 2 * _0x0 + ( 22 ) )
000201 e0b0     +LDI R27 , HIGH ( 2 * _0x0 + ( 22 ) )
                 	__POINTW2FN _0x0,22
000202 deeb      	RCALL _StringLCD
                 ; 0000 010C                 MoveCursor(2,1);
000203 e0e2      	LDI  R30,LOW(2)
000204 93ea      	ST   -Y,R30
000205 e0a1      	LDI  R26,LOW(1)
000206 defb      	RCALL _MoveCursor
                 ; 0000 010D                 StringLCD("DESACTIVADA");
                +
000207 eaa5     +LDI R26 , LOW ( 2 * _0x0 + ( 29 ) )
000208 e0b0     +LDI R27 , HIGH ( 2 * _0x0 + ( 29 ) )
                 	__POINTW2FN _0x0,29
000209 dee4      	RCALL _StringLCD
                 ; 0000 010E 
                 ; 0000 010F                 esperaTeclaNoImprime();
00020a df9d      	RCALL _esperaTeclaNoImprime
                 ; 0000 0110 
                 ; 0000 0111                 if(write_key[i] == '*'){
00020b d0d6      	RCALL SUBOPT_0xA
00020c 32aa      	CPI  R26,LOW(0x2A)
00020d f421      	BRNE _0x42
                 ; 0000 0112                     // Estatus para activar alarma
                 ; 0000 0113                     i = 0;
00020e d0cd      	RCALL SUBOPT_0x9
                 ; 0000 0114                     estatus = 1;
00020f e0e1      	LDI  R30,LOW(1)
000210 e0f0      	LDI  R31,HIGH(1)
000211 c006      	RJMP _0x4D
                 ; 0000 0115                     EraseLCD();
                 ; 0000 0116                 }else if(write_key[i] == '#'){
                 _0x42:
000212 d0cf      	RCALL SUBOPT_0xA
000213 32a3      	CPI  R26,LOW(0x23)
000214 f441      	BRNE _0x44
                 ; 0000 0117                     // Estatus para cambiar clave
                 ; 0000 0118                     i = 0;
000215 d0c6      	RCALL SUBOPT_0x9
                 ; 0000 0119                     estatus = 3;
000216 e0e3      	LDI  R30,LOW(3)
000217 e0f0      	LDI  R31,HIGH(3)
                 _0x4D:
000218 93e0 0306 	STS  _estatus,R30
00021a 93f0 0307 	STS  _estatus+1,R31
                 ; 0000 011A                     EraseLCD();
00021c dee2      	RCALL _EraseLCD
                 ; 0000 011B                 }
                 ; 0000 011C                 break;
                 _0x44:
00021d c031      	RJMP _0x3B
                 ; 0000 011D 
                 ; 0000 011E             // Estatus para cambiar clave
                 ; 0000 011F             case 3:
                 _0x41:
00021e 30e3      	CPI  R30,LOW(0x3)
00021f e0a0      	LDI  R26,HIGH(0x3)
000220 07fa      	CPC  R31,R26
000221 f4f1      	BRNE _0x45
                 ; 0000 0120                 MoveCursor(1,0);
000222 e0e1      	LDI  R30,LOW(1)
000223 93ea      	ST   -Y,R30
000224 e0a0      	LDI  R26,LOW(0)
000225 dedc      	RCALL _MoveCursor
                 ; 0000 0121                 StringLCD("CAMBIAR CLAVE");
                +
000226 eba1     +LDI R26 , LOW ( 2 * _0x0 + ( 41 ) )
000227 e0b0     +LDI R27 , HIGH ( 2 * _0x0 + ( 41 ) )
                 	__POINTW2FN _0x0,41
000228 d08a      	RCALL SUBOPT_0x6
                 ; 0000 0122                 MoveCursor(0,1);
                 ; 0000 0123                 StringLCD("CLAVE: ");
                 ; 0000 0124                 MoveCursor(7+i,1);
                 ; 0000 0125 
                 ; 0000 0126                 esperaTeclaImprime();
                 ; 0000 0127 
                 ; 0000 0128                 i++;
                 ; 0000 0129 
                 ; 0000 012A                 // Si ya ingreso clave de 4 digitos
                 ; 0000 012B                 if(i == 4){
000229 f4a9      	BRNE _0x46
                 ; 0000 012C                     // Escribir y leer valor de eeprom y cambiar a estatus
                 ; 0000 012D                     // de alarma activa
                 ; 0000 012E                     eeprom_write_block(write_key,0,sizeof(write_key));
00022a e0ee      	LDI  R30,LOW(_write_key)
00022b e0f3      	LDI  R31,HIGH(_write_key)
00022c 93fa      	ST   -Y,R31
00022d 93ea      	ST   -Y,R30
00022e e0e0      	LDI  R30,LOW(0)
00022f e0f0      	LDI  R31,HIGH(0)
000230 93fa      	ST   -Y,R31
000231 93ea      	ST   -Y,R30
000232 e0a4      	LDI  R26,LOW(4)
000233 e0b0      	LDI  R27,0
000234 d02e      	RCALL _eeprom_write_block
                 ; 0000 012F                     eeprom_read_block(read_key,0,sizeof(read_key));
000235 d06c      	RCALL SUBOPT_0x4
                 ; 0000 0130                     intentos = 0;
000236 93e0 0304 	STS  _intentos,R30
000238 93e0 0305 	STS  _intentos+1,R30
                 ; 0000 0131                     estatus = 1;
00023a e0e1      	LDI  R30,LOW(1)
00023b e0f0      	LDI  R31,HIGH(1)
00023c d0ad      	RCALL SUBOPT_0xB
                 ; 0000 0132                     i = 0;
00023d d09e      	RCALL SUBOPT_0x9
                 ; 0000 0133                     EraseLCD();
00023e dec0      	RCALL _EraseLCD
                 ; 0000 0134                 }
                 ; 0000 0135                 break;
                 _0x46:
00023f c00f      	RJMP _0x3B
                 ; 0000 0136 
                 ; 0000 0137             // Estatus de alarma activada, usuario ingreso clave incorrectamente
                 ; 0000 0138             // 3 o más ocasiones o el sensor detecto algo
                 ; 0000 0139             case 4:
                 _0x45:
000240 30e4      	CPI  R30,LOW(0x4)
000241 e0a0      	LDI  R26,HIGH(0x4)
000242 07fa      	CPC  R31,R26
000243 f459      	BRNE _0x3B
                 ; 0000 013A                 MoveCursor(0,0);
000244 d06a      	RCALL SUBOPT_0x5
                 ; 0000 013B                 StringLCD("ALARMA ACTIVADA");
                +
000245 ebaf     +LDI R26 , LOW ( 2 * _0x0 + ( 55 ) )
000246 e0b0     +LDI R27 , HIGH ( 2 * _0x0 + ( 55 ) )
                 	__POINTW2FN _0x0,55
000247 d06b      	RCALL SUBOPT_0x6
                 ; 0000 013C                 MoveCursor(0,1);
                 ; 0000 013D                 StringLCD("CLAVE: ");
                 ; 0000 013E                 MoveCursor(7+i,1);
                 ; 0000 013F 
                 ; 0000 0140                 esperaTeclaImprime();
                 ; 0000 0141 
                 ; 0000 0142                 i++;
                 ; 0000 0143 
                 ; 0000 0144                 // Si ya ingreso clave de 4 digitos
                 ; 0000 0145                 if(i == 4){
000248 f431      	BRNE _0x48
                 ; 0000 0146                     if(comparaClave() == 1){
000249 d085      	RCALL SUBOPT_0x7
00024a f411      	BRNE _0x49
                 ; 0000 0147                         // Apagar led y alarma
                 ; 0000 0148                         // Cambiar a estatus de alarma
                 ; 0000 0149                         intentos = 0;
00024b d088      	RCALL SUBOPT_0x8
                 ; 0000 014A                         estatus = 2;
00024c d09d      	RCALL SUBOPT_0xB
                 ; 0000 014B                     }
                 ; 0000 014C                     i = 0;
                 _0x49:
00024d d08e      	RCALL SUBOPT_0x9
                 ; 0000 014D                     EraseLCD();
00024e deb0      	RCALL _EraseLCD
                 ; 0000 014E                 }
                 ; 0000 014F                 break;
                 _0x48:
                 ; 0000 0150         }
                 _0x3B:
                 ; 0000 0151     }
00024f cf81      	RJMP _0x36
                 ; 0000 0152 }
                 _0x4A:
000250 cfff      	RJMP _0x4A
                 ; .FEND
                 	#ifndef __SLEEP_DEFINED__
                 	#endif
                 
                 	.CSEG
                 
                 	.CSEG
                 _eeprom_read_block:
                 ; .FSTART _eeprom_read_block
000251 93ba      	ST   -Y,R27
000252 93aa      	ST   -Y,R26
000253 d0a8      	RCALL __SAVELOCR4
                +
000254 8508     +LDD R16 , Y + 8
000255 8519     +LDD R17 , Y + 8 + 1
                 	__GETWRS 16,17,8
                +
000256 812e     +LDD R18 , Y + 6
000257 813f     +LDD R19 , Y + 6 + 1
                 	__GETWRS 18,19,6
                 _0x2020003:
000258 d096      	RCALL SUBOPT_0xC
000259 f041      	BREQ _0x2020005
00025a 931f      	PUSH R17
00025b 930f      	PUSH R16
00025c d099      	RCALL SUBOPT_0xD
00025d d0af      	RCALL __EEPROMRDB
00025e 91af      	POP  R26
00025f 91bf      	POP  R27
000260 93ec      	ST   X,R30
000261 cff6      	RJMP _0x2020003
                 _0x2020005:
000262 c011      	RJMP _0x2080001
                 ; .FEND
                 _eeprom_write_block:
                 ; .FSTART _eeprom_write_block
000263 93ba      	ST   -Y,R27
000264 93aa      	ST   -Y,R26
000265 d096      	RCALL __SAVELOCR4
                +
000266 810e     +LDD R16 , Y + 6
000267 811f     +LDD R17 , Y + 6 + 1
                 	__GETWRS 16,17,6
                +
000268 8528     +LDD R18 , Y + 8
000269 8539     +LDD R19 , Y + 8 + 1
                 	__GETWRS 18,19,8
                 _0x2020006:
00026a d084      	RCALL SUBOPT_0xC
00026b f041      	BREQ _0x2020008
00026c 931f      	PUSH R17
00026d 930f      	PUSH R16
00026e d087      	RCALL SUBOPT_0xD
00026f 91ec      	LD   R30,X
000270 91af      	POP  R26
000271 91bf      	POP  R27
000272 d0a6      	RCALL __EEPROMWRB
000273 cff6      	RJMP _0x2020006
                 _0x2020008:
                 _0x2080001:
000274 d08c      	RCALL __LOADLOCR4
000275 962a      	ADIW R28,10
000276 9508      	RET
                 ; .FEND
                 
                 	.CSEG
                 
                 	.CSEG
                 
                 	.DSEG
                 _cursor:
000300           	.BYTE 0x1
                 _tecla:
000301           	.BYTE 0x1
                 _i:
000302           	.BYTE 0x2
                 _intentos:
000304           	.BYTE 0x2
                 _estatus:
000306           	.BYTE 0x2
                 _addr:
000308           	.BYTE 0x2
                 _read_key:
00030a           	.BYTE 0x4
                 _write_key:
00030e           	.BYTE 0x4
                 
                 	.CSEG
                 ;OPTIMIZER ADDED SUBROUTINE, CALLED 2 TIMES, CODE SIZE REDUCTION:18 WORDS
                 SUBOPT_0x0:
000277 e0a2      	LDI  R26,LOW(2)
000278 e0b0      	LDI  R27,0
000279 d0b0      	RCALL _delay_ms
00027a 81e9      	LDD  R30,Y+1
00027b 7fe0      	ANDI R30,LOW(0xF0)
00027c 2f0e      	MOV  R16,R30
00027d 9502      	SWAP R16
00027e 700f      	ANDI R16,0xF
00027f 2fa0      	MOV  R26,R16
000280 de48      	RCALL _SendDataBitsLCD
000281 de44      	RCALL _PulseEn
000282 81e9      	LDD  R30,Y+1
000283 70ef      	ANDI R30,LOW(0xF)
000284 2f0e      	MOV  R16,R30
000285 2fa0      	MOV  R26,R16
000286 de42      	RCALL _SendDataBitsLCD
000287 e0a2      	LDI  R26,LOW(2)
000288 e0b0      	LDI  R27,0
000289 d0a0      	RCALL _delay_ms
00028a de3b      	RCALL _PulseEn
00028b 8108      	LDD  R16,Y+0
00028c 9508      	RET
                 
                 ;OPTIMIZER ADDED SUBROUTINE, CALLED 2 TIMES, CODE SIZE REDUCTION:2 WORDS
                 SUBOPT_0x1:
00028d 81a9      	LDD  R26,Y+1
00028e 81ba      	LDD  R27,Y+1+1
00028f e0f0      	LDI  R31,0
000290 0fea      	ADD  R30,R26
000291 1ffb      	ADC  R31,R27
000292 9508      	RET
                 
                 ;OPTIMIZER ADDED SUBROUTINE, CALLED 2 TIMES, CODE SIZE REDUCTION:1 WORDS
                 SUBOPT_0x2:
000293 2fe0      	MOV  R30,R16
000294 e0f0      	LDI  R31,0
000295 5fe2      	SUBI R30,LOW(-_write_key)
000296 4ffc      	SBCI R31,HIGH(-_write_key)
000297 9508      	RET
                 
                 ;OPTIMIZER ADDED SUBROUTINE, CALLED 2 TIMES, CODE SIZE REDUCTION:6 WORDS
                 SUBOPT_0x3:
000298 91e0 0302 	LDS  R30,_i
00029a 91f0 0303 	LDS  R31,_i+1
00029c 5fe2      	SUBI R30,LOW(-_write_key)
00029d 4ffc      	SBCI R31,HIGH(-_write_key)
00029e 91a0 0301 	LDS  R26,_tecla
0002a0 83a0      	STD  Z+0,R26
0002a1 9508      	RET
                 
                 ;OPTIMIZER ADDED SUBROUTINE, CALLED 2 TIMES, CODE SIZE REDUCTION:9 WORDS
                 SUBOPT_0x4:
0002a2 e0ea      	LDI  R30,LOW(_read_key)
0002a3 e0f3      	LDI  R31,HIGH(_read_key)
0002a4 93fa      	ST   -Y,R31
0002a5 93ea      	ST   -Y,R30
0002a6 e0e0      	LDI  R30,LOW(0)
0002a7 e0f0      	LDI  R31,HIGH(0)
0002a8 93fa      	ST   -Y,R31
0002a9 93ea      	ST   -Y,R30
0002aa e0a4      	LDI  R26,LOW(4)
0002ab e0b0      	LDI  R27,0
0002ac dfa4      	RCALL _eeprom_read_block
0002ad e0e0      	LDI  R30,LOW(0)
0002ae 9508      	RET
                 
                 ;OPTIMIZER ADDED SUBROUTINE, CALLED 2 TIMES, CODE SIZE REDUCTION:1 WORDS
                 SUBOPT_0x5:
0002af e0e0      	LDI  R30,LOW(0)
0002b0 93ea      	ST   -Y,R30
0002b1 e0a0      	LDI  R26,LOW(0)
0002b2 ce4f      	RJMP _MoveCursor
                 
                 ;OPTIMIZER ADDED SUBROUTINE, CALLED 3 TIMES, CODE SIZE REDUCTION:50 WORDS
                 SUBOPT_0x6:
0002b3 de3a      	RCALL _StringLCD
0002b4 e0e0      	LDI  R30,LOW(0)
0002b5 93ea      	ST   -Y,R30
0002b6 e0a1      	LDI  R26,LOW(1)
0002b7 de4a      	RCALL _MoveCursor
                +
0002b8 e9a6     +LDI R26 , LOW ( 2 * _0x0 + ( 14 ) )
0002b9 e0b0     +LDI R27 , HIGH ( 2 * _0x0 + ( 14 ) )
                 	__POINTW2FN _0x0,14
0002ba de33      	RCALL _StringLCD
0002bb 91e0 0302 	LDS  R30,_i
0002bd 5fe9      	SUBI R30,-LOW(7)
0002be 93ea      	ST   -Y,R30
0002bf e0a1      	LDI  R26,LOW(1)
0002c0 de41      	RCALL _MoveCursor
0002c1 def2      	RCALL _esperaTeclaImprime
0002c2 e0a2      	LDI  R26,LOW(_i)
0002c3 e0b3      	LDI  R27,HIGH(_i)
0002c4 91ed      	LD   R30,X+
0002c5 91fd      	LD   R31,X+
0002c6 9631      	ADIW R30,1
0002c7 93fe      	ST   -X,R31
0002c8 93ee      	ST   -X,R30
0002c9 91a0 0302 	LDS  R26,_i
0002cb 91b0 0303 	LDS  R27,_i+1
0002cd 9714      	SBIW R26,4
0002ce 9508      	RET
                 
                 ;OPTIMIZER ADDED SUBROUTINE, CALLED 2 TIMES, CODE SIZE REDUCTION:1 WORDS
                 SUBOPT_0x7:
0002cf dec0      	RCALL _comparaClave
0002d0 30e1      	CPI  R30,LOW(0x1)
0002d1 e0a0      	LDI  R26,HIGH(0x1)
0002d2 07fa      	CPC  R31,R26
0002d3 9508      	RET
                 
                 ;OPTIMIZER ADDED SUBROUTINE, CALLED 2 TIMES, CODE SIZE REDUCTION:4 WORDS
                 SUBOPT_0x8:
0002d4 e0e0      	LDI  R30,LOW(0)
0002d5 93e0 0304 	STS  _intentos,R30
0002d7 93e0 0305 	STS  _intentos+1,R30
0002d9 e0e2      	LDI  R30,LOW(2)
0002da e0f0      	LDI  R31,HIGH(2)
0002db 9508      	RET
                 
                 ;OPTIMIZER ADDED SUBROUTINE, CALLED 5 TIMES, CODE SIZE REDUCTION:14 WORDS
                 SUBOPT_0x9:
0002dc e0e0      	LDI  R30,LOW(0)
0002dd 93e0 0302 	STS  _i,R30
0002df 93e0 0303 	STS  _i+1,R30
0002e1 9508      	RET
                 
                 ;OPTIMIZER ADDED SUBROUTINE, CALLED 2 TIMES, CODE SIZE REDUCTION:4 WORDS
                 SUBOPT_0xA:
0002e2 91e0 0302 	LDS  R30,_i
0002e4 91f0 0303 	LDS  R31,_i+1
0002e6 5fe2      	SUBI R30,LOW(-_write_key)
0002e7 4ffc      	SBCI R31,HIGH(-_write_key)
0002e8 81a0      	LD   R26,Z
0002e9 9508      	RET
                 
                 ;OPTIMIZER ADDED SUBROUTINE, CALLED 2 TIMES, CODE SIZE REDUCTION:1 WORDS
                 SUBOPT_0xB:
0002ea 93e0 0306 	STS  _estatus,R30
0002ec 93f0 0307 	STS  _estatus+1,R31
0002ee 9508      	RET
                 
                 ;OPTIMIZER ADDED SUBROUTINE, CALLED 2 TIMES, CODE SIZE REDUCTION:3 WORDS
                 SUBOPT_0xC:
0002ef 81ec      	LDD  R30,Y+4
0002f0 81fd      	LDD  R31,Y+4+1
0002f1 9731      	SBIW R30,1
0002f2 83ec      	STD  Y+4,R30
0002f3 83fd      	STD  Y+4+1,R31
0002f4 9631      	ADIW R30,1
0002f5 9508      	RET
                 
                 ;OPTIMIZER ADDED SUBROUTINE, CALLED 2 TIMES, CODE SIZE REDUCTION:2 WORDS
                 SUBOPT_0xD:
                +
0002f6 5f0f     +SUBI R16 , LOW ( - 1 )
0002f7 4f1f     +SBCI R17 , HIGH ( - 1 )
                 	__ADDWRN 16,17,1
0002f8 01d9      	MOVW R26,R18
                +
0002f9 5f2f     +SUBI R18 , LOW ( - 1 )
0002fa 4f3f     +SBCI R19 , HIGH ( - 1 )
                 	__ADDWRN 18,19,1
0002fb 9508      	RET
                 
                 ;RUNTIME LIBRARY
                 
                 	.CSEG
                 __SAVELOCR4:
0002fc 933a      	ST   -Y,R19
                 __SAVELOCR3:
0002fd 932a      	ST   -Y,R18
                 __SAVELOCR2:
0002fe 931a      	ST   -Y,R17
0002ff 930a      	ST   -Y,R16
000300 9508      	RET
                 
                 __LOADLOCR4:
000301 813b      	LDD  R19,Y+3
                 __LOADLOCR3:
000302 812a      	LDD  R18,Y+2
                 __LOADLOCR2:
000303 8119      	LDD  R17,Y+1
000304 8108      	LD   R16,Y
000305 9508      	RET
                 
                 __INITLOCB:
                 __INITLOCW:
000306 0fac      	ADD  R26,R28
000307 1fbd      	ADC  R27,R29
                 __INITLOC0:
000308 9005      	LPM  R0,Z+
000309 920d      	ST   X+,R0
00030a 958a      	DEC  R24
00030b f7e1      	BRNE __INITLOC0
00030c 9508      	RET
                 
                 __EEPROMRDB:
00030d 99f9      	SBIC EECR,EEWE
00030e cffe      	RJMP __EEPROMRDB
00030f 93ff      	PUSH R31
000310 b7ff      	IN   R31,SREG
000311 94f8      	CLI
000312 bda1      	OUT  EEARL,R26
000313 bdb2      	OUT  EEARH,R27
000314 9af8      	SBI  EECR,EERE
000315 b5e0      	IN   R30,EEDR
000316 bfff      	OUT  SREG,R31
000317 91ff      	POP  R31
000318 9508      	RET
                 
                 __EEPROMWRB:
000319 9bf9      	SBIS EECR,EEWE
00031a c002      	RJMP __EEPROMWRB1
00031b 95a8      	WDR
00031c cffc      	RJMP __EEPROMWRB
                 __EEPROMWRB1:
00031d b79f      	IN   R25,SREG
00031e 94f8      	CLI
00031f bda1      	OUT  EEARL,R26
000320 bdb2      	OUT  EEARH,R27
000321 9af8      	SBI  EECR,EERE
000322 b580      	IN   R24,EEDR
000323 17e8      	CP   R30,R24
000324 f019      	BREQ __EEPROMWRB0
000325 bde0      	OUT  EEDR,R30
000326 9afa      	SBI  EECR,EEMWE
000327 9af9      	SBI  EECR,EEWE
                 __EEPROMWRB0:
000328 bf9f      	OUT  SREG,R25
000329 9508      	RET
                 
                 _delay_ms:
00032a 9610      	adiw r26,0
00032b f039      	breq __delay_ms1
                 __delay_ms0:
00032c 95a8      	wdr
                +
00032d ed80     +LDI R24 , LOW ( 0x7D0 )
00032e e097     +LDI R25 , HIGH ( 0x7D0 )
                +__DELAY_USW_LOOP :
00032f 9701     +SBIW R24 , 1
000330 f7f1     +BRNE __DELAY_USW_LOOP
                 	__DELAY_USW 0x7D0
000331 9711      	sbiw r26,1
000332 f7c9      	brne __delay_ms0
                 __delay_ms1:
000333 9508      	ret
                 
                 ;END OF CODE MARKER
                 __END_OF_CODE:


RESOURCE USE INFORMATION
------------------------

Notice:
The register and instruction counts are symbol table hit counts,
and hence implicitly used resources are not counted, eg, the
'lpm' instruction without operands implicitly uses r0 and z,
none of which are counted.

x,y,z are separate entities in the symbol table and are
counted separately from r26..r31 here.

.dseg memory usage only counts static data declared with .byte

ATmega328P register use summary:
r0 :   6 r1 :   1 r2 :   0 r3 :   0 r4 :   0 r5 :   0 r6 :   0 r7 :   0 
r8 :   0 r9 :   0 r10:   0 r11:   0 r12:   0 r13:   0 r14:   0 r15:   0 
r16:  38 r17:  10 r18:   9 r19:   5 r20:   0 r21:   0 r22:   2 r23:   0 
r24:  13 r25:   5 r26:  88 r27:  31 r28:   9 r29:   2 r30: 144 r31:  53 
x  :  15 y  :  66 z  :  15 
Registers used: 18 out of 35 (51.4%)

ATmega328P instruction use summary:
.lds  :   0 .lds.l:   0 .sts  :   0 .sts.l:   0 adc   :   3 add   :   3 
adiw  :  10 and   :   0 andi  :   7 asr   :   0 bclr  :   0 bld   :   0 
brbc  :   0 brbs  :   0 brcc  :   0 brcs  :   0 break :   0 breq  :  12 
brge  :   0 brhc  :   0 brhs  :   0 brid  :   0 brie  :   0 brlo  :   1 
brlt  :   0 brmi  :   0 brne  :  24 brpl  :   0 brsh  :   3 brtc  :   0 
brts  :   0 brvc  :   0 brvs  :   0 bset  :   0 bst   :   0 call  :   0 
cbi   :  19 cbr   :   0 clc   :   0 clh   :   0 cli   :   3 cln   :   0 
clr   :   6 cls   :   0 clt   :   0 clv   :   0 clz   :   0 com   :   0 
cp    :   2 cpc   :   8 cpi   :  18 cpse  :   0 dec   :   2 des   :   0 
eor   :   0 fmul  :   0 fmuls :   0 fmulsu:   0 icall :   0 ijmp  :   0 
in    :   4 inc   :   0 jmp   :  28 ld    :  16 ldd   :  24 ldi   : 119 
lds   :  14 lpm   :  12 lsl   :   0 lsr   :   0 mov   :  11 movw  :   5 
mul   :   0 muls  :   0 mulsu :   0 neg   :   0 nop   :  12 or    :   0 
ori   :   0 out   :  13 pop   :   5 push  :   5 rcall :  80 ret   :  31 
reti  :   0 rjmp  :  44 rol   :   0 ror   :   0 sbc   :   0 sbci  :   6 
sbi   :  41 sbic  :   1 sbis  :  16 sbiw  :  10 sbr   :   0 sbrc  :   0 
sbrs  :   0 sec   :   0 seh   :   0 sei   :   0 sen   :   0 ser   :   0 
ses   :   0 set   :   0 sev   :   0 sez   :   0 sleep :   0 spm   :   0 
st    :  42 std   :   4 sts   :  21 sub   :   0 subi  :  15 swap  :   1 
tst   :   0 wdr   :   2 
Instructions used: 42 out of 116 (36.2%)

ATmega328P memory use summary [bytes]:
Segment   Begin    End      Code   Data   Used    Size   Use%
---------------------------------------------------------------
[.cseg] 0x000000 0x000668   1528    112   1640   32768   5.0%
[.dseg] 0x000100 0x000312      0     18     18    2048   0.9%
[.eseg] 0x000000 0x000000      0      0      0    1024   0.0%

Assembly complete, 0 errors, 2 warnings
